This is pdfTeX, Version 3.141592653-2.6-1.40.25 (TeX Live 2023) (preloaded format=pdflatex 2023.5.30)  25 AUG 2023 10:50
entering extended mode
 \write18 enabled.
 file:line:error style messages enabled.
 %&-line parsing enabled.
**c:/Users/Andrew/Documents/masters/Documentation/thesis/Thesis/USthesis_Masters.tex
(c:/Users/Andrew/Documents/masters/Documentation/thesis/Thesis/USthesis_Masters.tex
LaTeX2e <2022-11-01> patch level 1
L3 programming layer <2023-05-22> (c:/texlive/2023/texmf-dist/tex/latex/memoir/memoir.cls
Document Class: memoir 2022/11/17 v3.7.19 configurable book, report, article document class
(c:/texlive/2023/texmf-dist/tex/latex/etoolbox/etoolbox.sty
Package: etoolbox 2020/10/05 v2.5k e-TeX tools for LaTeX (JAW)
\etb@tempcnta=\count185
)
\onelineskip=\skip48
\lxvchars=\skip49
\xlvchars=\skip50
\@memcnta=\count186
\c@@memmarkcntra=\count187
 (c:/texlive/2023/texmf-dist/tex/generic/iftex/iftex.sty
Package: iftex 2022/02/03 v1.0f TeX engine tests
)
\stockheight=\dimen140
\stockwidth=\dimen141
\trimtop=\skip51
\trimedge=\skip52
 (c:/texlive/2023/texmf-dist/tex/latex/memoir/mem12.clo
File: mem12.clo 2022/07/29 v0.5 memoir class 12pt size option
)
\binding=\skip53
\spinemargin=\skip54
\foremargin=\skip55
\uppermargin=\skip56
\lowermargin=\skip57
\headdrop=\skip58
\normalrulethickness=\skip59
\mem@maxheadheight=\skip60
\mem@maxfootheight=\skip61
\headwidth=\skip62
\c@storedpagenumber=\count188
\memPD=\dimen142
\m@mabparskip=\skip63
\thanksmarkwidth=\skip64
\thanksmarksep=\skip65
\droptitle=\skip66
\c@book=\count189
\c@part=\count190
\c@chapter=\count191
\c@section=\count192
\c@subsection=\count193
\c@subsubsection=\count194
\c@paragraph=\count195
\c@subparagraph=\count196
\beforechapskip=\skip67
\midchapskip=\skip68
\afterchapskip=\skip69
\chapindent=\skip70
\bottomsectionskip=\skip71
\secindent=\skip72
\beforesecskip=\skip73
\aftersecskip=\skip74
\subsecindent=\skip75
\beforesubsecskip=\skip76
\aftersubsecskip=\skip77
\subsubsecindent=\skip78
\beforesubsubsecskip=\skip79
\aftersubsubsecskip=\skip80
\paraindent=\skip81
\beforeparaskip=\skip82
\afterparaskip=\skip83
\subparaindent=\skip84
\beforesubparaskip=\skip85
\aftersubparaskip=\skip86
\pfbreakskip=\skip87
\c@@ppsavesec=\count197
\c@@ppsaveapp=\count198
\ragrparindent=\dimen143
\everylistparindent=\dimen144
\parsepi=\skip88
\topsepi=\skip89
\itemsepi=\skip90
\parsepii=\skip91
\topsepii=\skip92
\topsepiii=\skip93
\itemsepii=\skip94
\itemsepiii=\skip95
\partopsepii=\skip96
\partopsepiii=\skip97
\m@msavetopsep=\skip98
\m@msavepartopsep=\skip99
\@enLab=\toks16
\abstitleskip=\skip100
\absleftindent=\skip101
\abs@leftindent=\dimen145
\absrightindent=\skip102
\absparindent=\skip103
\absparsep=\skip104
\c@vslineno=\count199
\c@poemline=\count266
\c@modulo@vs=\count267
\c@memfvsline=\count268
\vleftskip=\skip105
\vrightskip=\skip106
\stanzaskip=\skip107
\versewidth=\skip108
\vgap=\skip109
\vindent=\skip110
\vleftmargin=\dimen146
\c@verse=\count269
\c@chrsinstr=\count270
\beforepoemtitleskip=\skip111
\afterpoemtitleskip=\skip112
\c@poem=\count271
\beforePoemTitleskip=\skip113
\midPoemTitleskip=\skip114
\afterPoemTitleskip=\skip115
 (c:/texlive/2023/texmf-dist/tex/latex/tools/array.sty
Package: array 2022/09/04 v2.5g Tabular extension package (FMi)
\col@sep=\dimen147
\ar@mcellbox=\box51
\extrarowheight=\dimen148
\NC@list=\toks17
\extratabsurround=\skip116
\backup@length=\skip117
\ar@cellbox=\box52
) (c:/texlive/2023/texmf-dist/tex/latex/tools/dcolumn.sty
Package: dcolumn 2014/10/28 v1.06 decimal alignment package (DPC)
) (c:/texlive/2023/texmf-dist/tex/latex/tools/delarray.sty
Package: delarray 2014/10/28 v1.01 array delimiter package (DPC)
) (c:/texlive/2023/texmf-dist/tex/latex/tools/tabularx.sty
Package: tabularx 2020/01/15 v2.11c `tabularx' package (DPC)
\TX@col@width=\dimen149
\TX@old@table=\dimen150
\TX@old@col=\dimen151
\TX@target=\dimen152
\TX@delta=\dimen153
\TX@cols=\count272
\TX@ftn=\toks18
)
\heavyrulewidth=\dimen154
\lightrulewidth=\dimen155
\cmidrulewidth=\dimen156
\belowrulesep=\dimen157
\belowbottomsep=\dimen158
\aboverulesep=\dimen159
\abovetopsep=\dimen160
\cmidrulesep=\dimen161
\cmidrulekern=\dimen162
\defaultaddspace=\dimen163
\@cmidla=\count273
\@cmidlb=\count274
\@aboverulesep=\dimen164
\@belowrulesep=\dimen165
\@thisruleclass=\count275
\@lastruleclass=\count276
\@thisrulewidth=\dimen166
\ctableftskip=\skip118
\ctabrightskip=\skip119
\abovecolumnspenalty=\count277
\@linestogo=\count278
\@cellstogo=\count279
\@cellsincolumn=\count280
\crtok=\toks19
\@mincolumnwidth=\dimen167
\c@newflo@tctr=\count281
\mem@margin@floatbox=\box53
\@contcwidth=\skip120
\@contindw=\skip121
\abovecaptionskip=\skip122
\belowcaptionskip=\skip123
\subfloattopskip=\skip124
\subfloatcapskip=\skip125
\subfloatcaptopadj=\skip126
\subfloatbottomskip=\skip127
\subfloatlabelskip=\skip128
\subfloatcapmargin=\dimen168
\c@@contsubnum=\count282
\m@mscap@capbox=\box54
\m@mscap@fbox=\box55
\sidecapsep=\dimen169
\sidecapwidth=\dimen170
\m@m@tempdima=\dimen171
\m@mscapraise=\dimen172
\sidecapraise=\dimen173
\m@mscapmainwidth=\dimen174
\m@mscaplkern=\dimen175
\beforeepigraphskip=\skip129
\afterepigraphskip=\skip130
\epigraphwidth=\skip131
\epigraphrule=\skip132
LaTeX Info: Redefining \em on input line 7655.
LaTeX Info: Redefining \emph on input line 7663.
\tocentryskip=\skip133
\tocbaseline=\skip134
\cftparskip=\skip135
\cftbeforebookskip=\skip136
\cftbookindent=\dimen176
\cftbooknumwidth=\dimen177
\cftbeforepartskip=\skip137
\cftpartindent=\skip138
\cftpartnumwidth=\skip139
\cftbeforechapterskip=\skip140
\cftchapterindent=\skip141
\cftchapternumwidth=\skip142
\cftbeforesectionskip=\skip143
\cftsectionindent=\skip144
\cftsectionnumwidth=\skip145
\cftbeforesubsectionskip=\skip146
\cftsubsectionindent=\skip147
\cftsubsectionnumwidth=\skip148
\cftbeforesubsubsectionskip=\skip149
\cftsubsubsectionindent=\skip150
\cftsubsubsectionnumwidth=\skip151
\cftbeforeparagraphskip=\skip152
\cftparagraphindent=\skip153
\cftparagraphnumwidth=\skip154
\cftbeforesubparagraphskip=\skip155
\cftsubparagraphindent=\skip156
\cftsubparagraphnumwidth=\skip157
\prechapterprecisshift=\dimen178
\c@maxsecnumdepth=\count283
\bibindent=\dimen179
\bibitemsep=\skip158
\indexcolsep=\skip159
\indexrule=\skip160
\indexmarkstyle=\toks20
\@indexbox=\insert252
\glossarycolsep=\dimen180
\glossaryrule=\dimen181
\sideparvshift=\skip161
\sideins=\insert251
\sidebartopsep=\skip162
\sidebarhsep=\skip163
\sidebarvsep=\skip164
\sidebarwidth=\skip165
\footmarkwidth=\skip166
\footmarksep=\skip167
\footparindent=\skip168
\footinsdim=\skip169
\footinsv@r=\insert250
\@mpfootinsv@r=\insert249
\m@m@k=\count284
\m@m@h=\dimen182
\m@mipn@skip=\skip170
\sidefootins=\insert248
\sidefootadjust=\skip171
\sidefootheight=\skip172
\sidefoothsep=\skip173
\sidefootvsep=\skip174
\sidefootwidth=\skip175
\m@mdownsf=\skip176
\c@sidefootnote=\count285
\sidefootmarkwidth=\skip177
\sidefootmarksep=\skip178
\sidefootparindent=\skip179
\c@pagenote=\count286
\c@pagenoteshadow=\count287
\mem@pn@lastkern=\skip180
\every@verbatim=\toks21
\afterevery@verbatim=\toks22
\verbatim@line=\toks23
\tab@position=\count288
\verbatim@in@stream=\read2
\verbatimindent=\skip181
\verbatim@out=\write3
\bvboxsep=\skip182
\c@memfbvline=\count289
\c@bvlinectr=\count290
\bvnumlength=\skip183
\fb@frw=\dimen183
\fb@frh=\dimen184
\FrameRule=\dimen185
\FrameSep=\dimen186
\c@cp@cntr=\count291
\c@ism@mctr=\count292
\c@xsm@mctr=\count293
\c@csm@mctr=\count294
\c@ksm@mctr=\count295
\c@xksm@mctr=\count296
\c@cksm@mctr=\count297
\c@msm@mctr=\count298
\c@xmsm@mctr=\count299
\c@cmsm@mctr=\count300
\c@bsm@mctr=\count301
\c@workm@mctr=\count302
\c@sheetsequence=\count303
\c@lastsheet=\count304
\c@lastpage=\count305
 (c:/texlive/2023/texmf-dist/tex/latex/textcase/textcase.sty
Package: textcase 2022/07/10 v1.03 Text only upper/lower case changing (DPC)
Package textcase Info: Defining Legacy names on input line 20.
)
\c@figure=\count306
\c@lofdepth=\count307
\cftbeforefigureskip=\skip184
\cftfigureindent=\skip185
\cftfigurenumwidth=\skip186
\c@table=\count308
\c@lotdepth=\count309
\cftbeforetableskip=\skip187
\cfttableindent=\skip188
\cfttablenumwidth=\skip189
Package abstract [2008/07/23] emulated by memoir.
Package appendix [2008/07/23] emulated by memoir.
Package booktabs [2016/05/16] emulated by memoir.
Package ccaption [2008/07/23] emulated by memoir.
Package changepage [2008/07/23] emulated by memoir.
Package chngcntr [2008/07/23] emulated by memoir.
Package chngpage [2008/07/23] emulated by memoir.
Package crop emulated by memoir.
Package enumerate [2008/07/23] emulated by memoir.
Package epigraph [2008/07/23] emulated by memoir.
Package ifmtarg [2008/07/23] emulated by memoir.
Package index [2008/07/23] emulated by memoir.
Package makeidx [2008/07/23] emulated by memoir.
Package moreverb [2008/07/23] emulated by memoir.
Package needspace [2008/07/23] emulated by memoir.
Package newfile [2008/07/23] emulated by memoir.
Package nextpage [2008/07/23] emulated by memoir.
Package pagenote [2008/07/23] emulated by memoir.
Package parskip [2008/07/23] emulated by memoir.
Package patchcmd [2008/07/23] emulated by memoir.
Package setspace [2008/07/23] emulated by memoir.
Package shortvrb [2008/07/23] emulated by memoir.
Package showidx [2008/07/23] emulated by memoir.
Package titleref [2008/07/23] emulated by memoir.
Package titling [2008/07/23] emulated by memoir.
Package tocbibind [2008/07/23] emulated by memoir.
Package tocloft [2008/07/23] emulated by memoir.
Package tocvsec2 [2008/07/23] emulated by memoir.
Package verbatim [2008/07/23] emulated by memoir.
Package verse [2008/07/23] emulated by memoir.
) (c:/texlive/2023/texmf-dist/tex/latex/stellenbosch/usthesis.sty
Package: usthesis 2014/11/28 v5.0 Stellenbosh Thesis class for use with Memoir (DNJ ELS)
Package usthesis Info: Stellenbosch thesis style for MEMOIR class on input line 35.
 (c:/texlive/2023/texmf-dist/tex/latex/tools/calc.sty
Package: calc 2017/05/25 v4.3 Infix arithmetic (KKT,FJ)
\calc@Acount=\count310
\calc@Bcount=\count311
\calc@Adimen=\dimen187
\calc@Bdimen=\dimen188
\calc@Askip=\skip190
\calc@Bskip=\skip191
LaTeX Info: Redefining \setlength on input line 80.
LaTeX Info: Redefining \addtolength on input line 81.
\calc@Ccount=\count312
\calc@Cskip=\skip192
)
Package usthesis Info: Input file 'usthesis.afr' loaded on input line 94.
 (c:/texlive/2023/texmf-dist/tex/latex/stellenbosch/usthesis.afr
File: usthesis.afr 2014/11/28 v2.0 USthesis Afr defs (DNJ Els)
)
Package usthesis Info: Input file 'usthesis.eng' loaded on input line 97.
 (c:/texlive/2023/texmf-dist/tex/latex/stellenbosch/usthesis.eng
File: usthesis.eng 2014/11/28 v2.0 USthesis Eng defs (DNJ Els)
)
\US@tdima=\skip193
\US@tdimb=\skip194
\US@tboxa=\box56
\US@tboxb=\box57
\c@US@tcnta=\count313
\c@US@tcntb=\count314
\US@month=\count315
\US@year=\count316
) (c:/texlive/2023/texmf-dist/tex/latex/geometry/geometry.sty
Package: geometry 2020/01/02 v5.9 Page Geometry
 (c:/texlive/2023/texmf-dist/tex/latex/graphics/keyval.sty
Package: keyval 2022/05/29 v1.15 key=value parser (DPC)
\KV@toks@=\toks24
) (c:/texlive/2023/texmf-dist/tex/generic/iftex/ifvtex.sty
Package: ifvtex 2019/10/25 v1.7 ifvtex legacy package. Use iftex instead.
)
\Gm@cnth=\count317
\Gm@cntv=\count318
\c@Gm@tempcnt=\count319
\Gm@bindingoffset=\dimen189
\Gm@wd@mp=\dimen190
\Gm@odd@mp=\dimen191
\Gm@even@mp=\dimen192
\Gm@layoutwidth=\dimen193
\Gm@layoutheight=\dimen194
\Gm@layouthoffset=\dimen195
\Gm@layoutvoffset=\dimen196
\Gm@dimlist=\toks25
) (c:/texlive/2023/texmf-dist/tex/latex/graphics/lscape.sty
Package: lscape 2020/05/28 v3.02 Landscape Pages (DPC)
 (c:/texlive/2023/texmf-dist/tex/latex/graphics/graphics.sty
Package: graphics 2022/03/10 v1.4e Standard LaTeX Graphics (DPC,SPQR)
 (c:/texlive/2023/texmf-dist/tex/latex/graphics/trig.sty
Package: trig 2021/08/11 v1.11 sin cos tan (DPC)
) (c:/texlive/2023/texmf-dist/tex/latex/graphics-cfg/graphics.cfg
File: graphics.cfg 2016/06/04 v1.11 sample graphics configuration
)
Package graphics Info: Driver file: pdftex.def on input line 107.
 (c:/texlive/2023/texmf-dist/tex/latex/graphics-def/pdftex.def
File: pdftex.def 2022/09/22 v1.2b Graphics/color driver for pdftex
))) (c:/texlive/2023/texmf-dist/tex/latex/base/inputenc.sty
Package: inputenc 2021/02/14 v1.3d Input encoding file
\inpenc@prehook=\toks26
\inpenc@posthook=\toks27
 (c:/texlive/2023/texmf-dist/tex/latex/base/latin1.def
File: latin1.def 2021/02/14 v1.3d Input encoding file
)) (c:/texlive/2023/texmf-dist/tex/generic/babel/babel.sty
Package: babel 2023/05/11 v3.89 The Babel package
\babel@savecnt=\count320
\U@D=\dimen197
\l@unhyphenated=\language87
 (c:/texlive/2023/texmf-dist/tex/generic/babel/txtbabel.def)
\bbl@readstream=\read3
\bbl@dirlevel=\count321
 (c:/texlive/2023/texmf-dist/tex/generic/babel-english/english.ldf
Language: english 2017/06/06 v3.3r English support from the babel system
Package babel Info: Hyphen rules for 'canadian' set to \l@english
(babel)             (\language0). Reported on input line 102.
Package babel Info: Hyphen rules for 'australian' set to \l@ukenglish
(babel)             (\language21). Reported on input line 105.
Package babel Info: Hyphen rules for 'newzealand' set to \l@ukenglish
(babel)             (\language21). Reported on input line 108.
)) (c:/texlive/2023/texmf-dist/tex/generic/babel/locale/en/babel-english.tex
Package babel Info: Importing font and identification data for english
(babel)             from babel-en.ini. Reported on input line 11.
) (c:/texlive/2023/texmf-dist/tex/latex/amsmath/amsmath.sty
Package: amsmath 2022/04/08 v2.17n AMS math features
\@mathmargin=\skip195

For additional information on amsmath, use the `?' option.
(c:/texlive/2023/texmf-dist/tex/latex/amsmath/amstext.sty
Package: amstext 2021/08/26 v2.01 AMS text
 (c:/texlive/2023/texmf-dist/tex/latex/amsmath/amsgen.sty
File: amsgen.sty 1999/11/30 v2.0 generic functions
\@emptytoks=\toks28
\ex@=\dimen198
)) (c:/texlive/2023/texmf-dist/tex/latex/amsmath/amsbsy.sty
Package: amsbsy 1999/11/29 v1.2d Bold Symbols
\pmbraise@=\dimen199
) (c:/texlive/2023/texmf-dist/tex/latex/amsmath/amsopn.sty
Package: amsopn 2022/04/08 v2.04 operator names
)
\inf@bad=\count322
LaTeX Info: Redefining \frac on input line 234.
\uproot@=\count323
\leftroot@=\count324
LaTeX Info: Redefining \overline on input line 399.
LaTeX Info: Redefining \colon on input line 410.
\classnum@=\count325
\DOTSCASE@=\count326
LaTeX Info: Redefining \ldots on input line 496.
LaTeX Info: Redefining \dots on input line 499.
LaTeX Info: Redefining \cdots on input line 620.
\Mathstrutbox@=\box58
\strutbox@=\box59
LaTeX Info: Redefining \big on input line 722.
LaTeX Info: Redefining \Big on input line 723.
LaTeX Info: Redefining \bigg on input line 724.
LaTeX Info: Redefining \Bigg on input line 725.
\big@size=\dimen256
LaTeX Font Info:    Redeclaring font encoding OML on input line 743.
LaTeX Font Info:    Redeclaring font encoding OMS on input line 744.
\macc@depth=\count327
LaTeX Info: Redefining \bmod on input line 905.
LaTeX Info: Redefining \pmod on input line 910.
LaTeX Info: Redefining \smash on input line 940.
LaTeX Info: Redefining \relbar on input line 970.
LaTeX Info: Redefining \Relbar on input line 971.
\c@MaxMatrixCols=\count328
\dotsspace@=\muskip16
\c@parentequation=\count329
\dspbrk@lvl=\count330
\tag@help=\toks29
\row@=\count331
\column@=\count332
\maxfields@=\count333
\andhelp@=\toks30
\eqnshift@=\dimen257
\alignsep@=\dimen258
\tagshift@=\dimen259
\tagwidth@=\dimen260
\totwidth@=\dimen261
\lineht@=\dimen262
\@envbody=\toks31
\multlinegap=\skip196
\multlinetaggap=\skip197
\mathdisplay@stack=\toks32
LaTeX Info: Redefining \[ on input line 2953.
LaTeX Info: Redefining \] on input line 2954.
) (c:/texlive/2023/texmf-dist/tex/latex/amsfonts/amssymb.sty
Package: amssymb 2013/01/14 v3.01 AMS font symbols
 (c:/texlive/2023/texmf-dist/tex/latex/amsfonts/amsfonts.sty
Package: amsfonts 2013/01/14 v3.01 Basic AMSFonts support
\symAMSa=\mathgroup4
\symAMSb=\mathgroup5
LaTeX Font Info:    Redeclaring math symbol \hbar on input line 98.
LaTeX Font Info:    Overwriting math alphabet `\mathfrak' in version `bold'
(Font)                  U/euf/m/n --> U/euf/b/n on input line 106.
)) (c:/texlive/2023/texmf-dist/tex/latex/breqn/breqn.sty (c:/texlive/2023/texmf-dist/tex/latex/l3kernel/expl3.sty
Package: expl3 2023-05-22 L3 programming layer (loader) 
 (c:/texlive/2023/texmf-dist/tex/latex/l3backend/l3backend-pdftex.def
File: l3backend-pdftex.def 2023-04-19 L3 backend support: PDF output (pdfTeX)
\l__color_backend_stack_int=\count334
\l__pdf_internal_box=\box60
))
Package: breqn 2021/10/28 v0.98l Breaking equations
 (c:/texlive/2023/texmf-dist/tex/latex/graphics/graphicx.sty
Package: graphicx 2021/09/16 v1.2d Enhanced LaTeX Graphics (DPC,SPQR)
\Gin@req@height=\dimen263
\Gin@req@width=\dimen264
) (c:/texlive/2023/texmf-dist/tex/latex/breqn/flexisym.sty
Package: flexisym 2021/10/28 v0.98l Make math characters macros
LaTeX Info: Redefining \textprime on input line 299.
LaTeX Info: Redefining \not on input line 357.
 (c:/texlive/2023/texmf-dist/tex/latex/breqn/cmbase.sym
File: cmbase.sym 2007/12/19 v0.92
LaTeX Info: Redefining \hbar on input line 324.
LaTeX Info: Redefining \surd on input line 326.
LaTeX Info: Redefining \angle on input line 334.
LaTeX Info: Redefining \neq on input line 335.
LaTeX Info: Redefining \mapsto on input line 336.
LaTeX Info: Redefining \cong on input line 337.
LaTeX Info: Redefining \notin on input line 340.
LaTeX Info: Redefining \rightleftharpoons on input line 341.
LaTeX Info: Redefining \doteq on input line 342.
LaTeX Info: Redefining \hookrightarrow on input line 343.
LaTeX Info: Redefining \hookleftarrow on input line 344.
LaTeX Info: Redefining \bowtie on input line 345.
LaTeX Info: Redefining \models on input line 346.
LaTeX Info: Redefining \Longrightarrow on input line 347.
LaTeX Info: Redefining \longrightarrow on input line 348.
LaTeX Info: Redefining \Longleftarrow on input line 349.
LaTeX Info: Redefining \longleftarrow on input line 350.
LaTeX Info: Redefining \longmapsto on input line 351.
LaTeX Info: Redefining \longleftrightarrow on input line 352.
LaTeX Info: Redefining \Longleftrightarrow on input line 353.
LaTeX Info: Redefining \cdots on input line 357.
LaTeX Info: Redefining \vdots on input line 360.
LaTeX Info: Redefining \ddots on input line 365.
) (c:/texlive/2023/texmf-dist/tex/latex/breqn/mathstyle.sty
Package: mathstyle 2021/10/28 v0.98l Tracking mathstyle implicitly
LaTeX Info: Redefining \displaystyle on input line 95.
LaTeX Info: Redefining \textstyle on input line 97.
LaTeX Info: Redefining \scriptstyle on input line 99.
LaTeX Info: Redefining \scriptscriptstyle on input line 101.
LaTeX Info: Redefining \genfrac on input line 149.
))
\inf@bad=\count335
\maxint=\count336
\listwidth=\dimen265
\eqnumsep=\dimen266
\eqmargin=\dimen267
\eqlinespacing=\skip198
\eqlineskip=\skip199
\eqlineskiplimit=\dimen268
\eqbinoffset=\muskip17
\eqdelimoffset=\muskip18
\eqindentstep=\dimen269
\eqstyle=\toks33
\eqbreakdepth=\count337
\eqinterlinepenalty=\count338
\intereqpenalty=\count339
\intereqskip=\skip256
\prerelpenalty=\count340
\prebinoppenalty=\count341
\Dmedmuskip=\muskip19
\Dthickmuskip=\muskip20
\eqleftskip=\skip257
\eqrightskip=\skip258
\eq@vspan=\skip259
\eq@binoffset=\muskip21
\EQ@box=\box61
\EQ@copy=\box62
\EQ@numbox=\box63
\eq@wdNum=\dimen270
\GRP@numbox=\box64
\grp@wdNum=\dimen271
\eq@lines=\count342
\eq@curline=\count343
\eq@badness=\count344
\EQ@vims=\count345
\eq@dp=\dimen272
\eq@wdL=\dimen273
\eq@wdT=\dimen274
\eq@wdMin=\dimen275
\grp@wdL=\dimen276
\grp@wdR=\dimen277
\grp@wdT=\dimen278
\eq@wdRmax=\dimen279
\eq@firstht=\dimen280
\eq@wdCond=\dimen281
\eq@indentstep=\dimen282
\eq@linewidth=\dimen283
\grp@linewidth=\dimen284
\eq@hshift=\dimen285
\eq@given@sidespace=\dimen286
\mathindent=\dimen287
\eq@final@linecount=\count346
\eq@wdR=\dimen288
\EQ@continue=\toks34
\lr@level=\count347
\GRP@queue=\toks35
\GRP@box=\box65
\GRP@wholebox=\box66
\darraycolsep=\skip260
\cur@row=\count348
\cur@col=\count349
\conditionsep=\skip261
) (c:/texlive/2023/texmf-dist/tex/latex/base/fontenc.sty
Package: fontenc 2021/04/29 v2.0v Standard LaTeX package
) (c:/texlive/2023/texmf-dist/tex/latex/base/textcomp.sty
Package: textcomp 2020/02/02 v2.0n Standard LaTeX package
) (c:/texlive/2023/texmf-dist/tex/latex/tools/bm.sty
Package: bm 2022/01/05 v1.2f Bold Symbol Support (DPC/FMi)
\symboldoperators=\mathgroup6
\symboldletters=\mathgroup7
\symboldsymbols=\mathgroup8
Package bm Info: No bold for \OMX/cmex/m/n, using \pmb.
Package bm Info: No bold for \U/msa/m/n, using \pmb.
Package bm Info: No bold for \U/msb/m/n, using \pmb.
LaTeX Font Info:    Redeclaring math alphabet \mathbf on input line 149.
) (c:/texlive/2023/texmf-dist/tex/latex/hyperref/hyperref.sty
Package: hyperref 2023-05-16 v7.00y Hypertext links for LaTeX
 (c:/texlive/2023/texmf-dist/tex/generic/ltxcmds/ltxcmds.sty
Package: ltxcmds 2020-05-10 v1.25 LaTeX kernel commands for general use (HO)
) (c:/texlive/2023/texmf-dist/tex/generic/pdftexcmds/pdftexcmds.sty
Package: pdftexcmds 2020-06-27 v0.33 Utility functions of pdfTeX for LuaTeX (HO)
 (c:/texlive/2023/texmf-dist/tex/generic/infwarerr/infwarerr.sty
Package: infwarerr 2019/12/03 v1.5 Providing info/warning/error messages (HO)
)
Package pdftexcmds Info: \pdf@primitive is available.
Package pdftexcmds Info: \pdf@ifprimitive is available.
Package pdftexcmds Info: \pdfdraftmode found.
) (c:/texlive/2023/texmf-dist/tex/latex/kvsetkeys/kvsetkeys.sty
Package: kvsetkeys 2022-10-05 v1.19 Key value parser (HO)
) (c:/texlive/2023/texmf-dist/tex/generic/kvdefinekeys/kvdefinekeys.sty
Package: kvdefinekeys 2019-12-19 v1.6 Define keys (HO)
) (c:/texlive/2023/texmf-dist/tex/generic/pdfescape/pdfescape.sty
Package: pdfescape 2019/12/09 v1.15 Implements pdfTeX's escape features (HO)
) (c:/texlive/2023/texmf-dist/tex/latex/hycolor/hycolor.sty
Package: hycolor 2020-01-27 v1.10 Color options for hyperref/bookmark (HO)
) (c:/texlive/2023/texmf-dist/tex/latex/letltxmacro/letltxmacro.sty
Package: letltxmacro 2019/12/03 v1.6 Let assignment for LaTeX macros (HO)
) (c:/texlive/2023/texmf-dist/tex/latex/auxhook/auxhook.sty
Package: auxhook 2019-12-17 v1.6 Hooks for auxiliary files (HO)
) (c:/texlive/2023/texmf-dist/tex/latex/hyperref/nameref.sty
Package: nameref 2023-05-16 v2.51 Cross-referencing by name of section
 (c:/texlive/2023/texmf-dist/tex/latex/refcount/refcount.sty
Package: refcount 2019/12/15 v3.6 Data extraction from label references (HO)
) (c:/texlive/2023/texmf-dist/tex/generic/gettitlestring/gettitlestring.sty
Package: gettitlestring 2019/12/15 v1.6 Cleanup title references (HO)
 (c:/texlive/2023/texmf-dist/tex/latex/kvoptions/kvoptions.sty
Package: kvoptions 2022-06-15 v3.15 Key value format for package options (HO)
))
\c@section@level=\count350
)
\@linkdim=\dimen289
\Hy@linkcounter=\count351
\Hy@pagecounter=\count352
 (c:/texlive/2023/texmf-dist/tex/latex/hyperref/pd1enc.def
File: pd1enc.def 2023-05-16 v7.00y Hyperref: PDFDocEncoding definition (HO)
Now handling font encoding PD1 ...
... no UTF-8 mapping file for font encoding PD1
) (c:/texlive/2023/texmf-dist/tex/generic/intcalc/intcalc.sty
Package: intcalc 2019/12/15 v1.3 Expandable calculations with integers (HO)
)
\Hy@SavedSpaceFactor=\count353
 (c:/texlive/2023/texmf-dist/tex/latex/hyperref/puenc.def
File: puenc.def 2023-05-16 v7.00y Hyperref: PDF Unicode definition (HO)
Now handling font encoding PU ...
... no UTF-8 mapping file for font encoding PU
)
Package hyperref Info: Hyper figures OFF on input line 4167.
Package hyperref Info: Link nesting OFF on input line 4172.
Package hyperref Info: Hyper index ON on input line 4175.
Package hyperref Info: Plain pages OFF on input line 4182.
Package hyperref Info: Backreferencing OFF on input line 4187.
Package hyperref Info: Implicit mode ON; LaTeX internals redefined.
Package hyperref Info: Bookmarks ON on input line 4434.
\c@Hy@tempcnt=\count354
 (c:/texlive/2023/texmf-dist/tex/latex/url/url.sty
\Urlmuskip=\muskip22
Package: url 2013/09/16  ver 3.4  Verb mode for urls, etc.
)
LaTeX Info: Redefining \url on input line 4772.
\XeTeXLinkMargin=\dimen290
 (c:/texlive/2023/texmf-dist/tex/generic/bitset/bitset.sty
Package: bitset 2019/12/09 v1.3 Handle bit-vector datatype (HO)
 (c:/texlive/2023/texmf-dist/tex/generic/bigintcalc/bigintcalc.sty
Package: bigintcalc 2019/12/15 v1.5 Expandable calculations on big integers (HO)
))
\Fld@menulength=\count355
\Field@Width=\dimen291
\Fld@charsize=\dimen292
Package hyperref Info: Hyper figures OFF on input line 6051.
Package hyperref Info: Link nesting OFF on input line 6056.
Package hyperref Info: Hyper index ON on input line 6059.
Package hyperref Info: backreferencing OFF on input line 6066.
Package hyperref Info: Link coloring OFF on input line 6071.
Package hyperref Info: Link coloring with OCG OFF on input line 6076.
Package hyperref Info: PDF/A mode OFF on input line 6081.
 (c:/texlive/2023/texmf-dist/tex/latex/base/atbegshi-ltx.sty
Package: atbegshi-ltx 2021/01/10 v1.0c Emulation of the original atbegshi
package with kernel methods
)
\Hy@abspage=\count356
\c@Item=\count357
\c@Hfootnote=\count358
)
Package hyperref Info: Driver (autodetected): hpdftex.
 (c:/texlive/2023/texmf-dist/tex/latex/hyperref/hpdftex.def
File: hpdftex.def 2023-05-16 v7.00y Hyperref driver for pdfTeX
 (c:/texlive/2023/texmf-dist/tex/latex/base/atveryend-ltx.sty
Package: atveryend-ltx 2020/08/19 v1.0a Emulation of the original atveryend package
with kernel methods
)
\Fld@listcount=\count359
\c@bookmark@seq@number=\count360
 (c:/texlive/2023/texmf-dist/tex/latex/rerunfilecheck/rerunfilecheck.sty
Package: rerunfilecheck 2022-07-10 v1.10 Rerun checks for auxiliary files (HO)
 (c:/texlive/2023/texmf-dist/tex/generic/uniquecounter/uniquecounter.sty
Package: uniquecounter 2019/12/15 v1.4 Provide unlimited unique counter (HO)
)
Package uniquecounter Info: New unique counter `rerunfilecheck' on input line 285.
)
\Hy@SectionHShift=\skip262
) (c:/texlive/2023/texmf-dist/tex/latex/memoir/memhfixc.sty
Package: memhfixc 2022/11/17 v1.20 nameref/hyperref package fixes for memoir class

Redoing nameref's sectioning
Redoing nameref's label
LaTeX Info: Redefining \nameref on input line 106.
\c@memhycontfloat=\count361
\c@Hpagenote=\count362
) (c:/texlive/2023/texmf-dist/tex/latex/stellenbosch/usnomencl.sty
Package: usnomencl 2008/05/30 v1.1 Stellenbosh Thesis Nomenclature (DNJ ELS)
\USN@tdima=\skip263
\USN@NomGrpSep=\skip264
\NomGrpSep=\skip265
\NomItmSep=\skip266
\NomItmMrg=\skip267
\NomLblSep=\skip268
\UnitLabelWdth=\skip269
) (c:/texlive/2023/texmf-dist/tex/latex/stellenbosch/usbib.sty
Package: usbib 2009/03/07 1.0 (DNJ Els)
 (c:/texlive/2023/texmf-dist/tex/latex/natbib/natbib.sty
Package: natbib 2010/09/13 8.31b (PWD, AO)
\bibhang=\skip270
\bibsep=\skip271
LaTeX Info: Redefining \cite on input line 694.
\c@NAT@ctr=\count363
)) (c:/texlive/2023/texmf-dist/tex/latex/graphics/color.sty
Package: color 2022/01/06 v1.3d Standard LaTeX Color (DPC)
 (c:/texlive/2023/texmf-dist/tex/latex/graphics-cfg/color.cfg
File: color.cfg 2016/01/02 v1.6 sample color configuration
)
Package color Info: Driver file: pdftex.def on input line 149.
 (c:/texlive/2023/texmf-dist/tex/latex/graphics/mathcolor.ltx)) (c:/texlive/2023/texmf-dist/tex/latex/eso-pic/eso-pic.sty
Package: eso-pic 2023/05/03 v3.0c eso-pic (RN)
\ESO@tempdima=\dimen293
\ESO@tempdimb=\dimen294
) (c:/texlive/2023/texmf-dist/tex/latex/pgf/frontendlayer/tikz.sty (c:/texlive/2023/texmf-dist/tex/latex/pgf/basiclayer/pgf.sty (c:/texlive/2023/texmf-dist/tex/latex/pgf/utilities/pgfrcs.sty (c:/texlive/2023/texmf-dist/tex/generic/pgf/utilities/pgfutil-common.tex
\pgfutil@everybye=\toks36
\pgfutil@tempdima=\dimen295
\pgfutil@tempdimb=\dimen296
) (c:/texlive/2023/texmf-dist/tex/generic/pgf/utilities/pgfutil-latex.def
\pgfutil@abb=\box67
) (c:/texlive/2023/texmf-dist/tex/generic/pgf/utilities/pgfrcs.code.tex (c:/texlive/2023/texmf-dist/tex/generic/pgf/pgf.revision.tex)
Package: pgfrcs 2023-01-15 v3.1.10 (3.1.10)
))
Package: pgf 2023-01-15 v3.1.10 (3.1.10)
 (c:/texlive/2023/texmf-dist/tex/latex/pgf/basiclayer/pgfcore.sty (c:/texlive/2023/texmf-dist/tex/latex/pgf/systemlayer/pgfsys.sty (c:/texlive/2023/texmf-dist/tex/generic/pgf/systemlayer/pgfsys.code.tex
Package: pgfsys 2023-01-15 v3.1.10 (3.1.10)
 (c:/texlive/2023/texmf-dist/tex/generic/pgf/utilities/pgfkeys.code.tex
\pgfkeys@pathtoks=\toks37
\pgfkeys@temptoks=\toks38
 (c:/texlive/2023/texmf-dist/tex/generic/pgf/utilities/pgfkeyslibraryfiltered.code.tex
\pgfkeys@tmptoks=\toks39
))
\pgf@x=\dimen297
\pgf@y=\dimen298
\pgf@xa=\dimen299
\pgf@ya=\dimen300
\pgf@xb=\dimen301
\pgf@yb=\dimen302
\pgf@xc=\dimen303
\pgf@yc=\dimen304
\pgf@xd=\dimen305
\pgf@yd=\dimen306
\w@pgf@writea=\write4
\r@pgf@reada=\read4
\c@pgf@counta=\count364
\c@pgf@countb=\count365
\c@pgf@countc=\count366
\c@pgf@countd=\count367
\t@pgf@toka=\toks40
\t@pgf@tokb=\toks41
\t@pgf@tokc=\toks42
\pgf@sys@id@count=\count368
 (c:/texlive/2023/texmf-dist/tex/generic/pgf/systemlayer/pgf.cfg
File: pgf.cfg 2023-01-15 v3.1.10 (3.1.10)
)
Driver file for pgf: pgfsys-pdftex.def
 (c:/texlive/2023/texmf-dist/tex/generic/pgf/systemlayer/pgfsys-pdftex.def
File: pgfsys-pdftex.def 2023-01-15 v3.1.10 (3.1.10)
 (c:/texlive/2023/texmf-dist/tex/generic/pgf/systemlayer/pgfsys-common-pdf.def
File: pgfsys-common-pdf.def 2023-01-15 v3.1.10 (3.1.10)
))) (c:/texlive/2023/texmf-dist/tex/generic/pgf/systemlayer/pgfsyssoftpath.code.tex
File: pgfsyssoftpath.code.tex 2023-01-15 v3.1.10 (3.1.10)
\pgfsyssoftpath@smallbuffer@items=\count369
\pgfsyssoftpath@bigbuffer@items=\count370
) (c:/texlive/2023/texmf-dist/tex/generic/pgf/systemlayer/pgfsysprotocol.code.tex
File: pgfsysprotocol.code.tex 2023-01-15 v3.1.10 (3.1.10)
)) (c:/texlive/2023/texmf-dist/tex/latex/xcolor/xcolor.sty
Package: xcolor 2022/06/12 v2.14 LaTeX color extensions (UK)
 (c:/texlive/2023/texmf-dist/tex/latex/graphics-cfg/color.cfg
File: color.cfg 2016/01/02 v1.6 sample color configuration
)
Package xcolor Info: Driver file: pdftex.def on input line 227.
LaTeX Info: Redefining \color on input line 711.
 (c:/texlive/2023/texmf-dist/tex/latex/graphics/mathcolor.ltx)
Package xcolor Info: Model `cmy' substituted by `cmy0' on input line 1353.
Package xcolor Info: Model `hsb' substituted by `rgb' on input line 1357.
Package xcolor Info: Model `RGB' extended on input line 1369.
Package xcolor Info: Model `HTML' substituted by `rgb' on input line 1371.
Package xcolor Info: Model `Hsb' substituted by `hsb' on input line 1372.
Package xcolor Info: Model `tHsb' substituted by `hsb' on input line 1373.
Package xcolor Info: Model `HSB' substituted by `hsb' on input line 1374.
Package xcolor Info: Model `Gray' substituted by `gray' on input line 1375.
Package xcolor Info: Model `wave' substituted by `hsb' on input line 1376.
) (c:/texlive/2023/texmf-dist/tex/generic/pgf/basiclayer/pgfcore.code.tex
Package: pgfcore 2023-01-15 v3.1.10 (3.1.10)
 (c:/texlive/2023/texmf-dist/tex/generic/pgf/math/pgfmath.code.tex (c:/texlive/2023/texmf-dist/tex/generic/pgf/math/pgfmathutil.code.tex) (c:/texlive/2023/texmf-dist/tex/generic/pgf/math/pgfmathparser.code.tex
\pgfmath@dimen=\dimen307
\pgfmath@count=\count371
\pgfmath@box=\box68
\pgfmath@toks=\toks43
\pgfmath@stack@operand=\toks44
\pgfmath@stack@operation=\toks45
) (c:/texlive/2023/texmf-dist/tex/generic/pgf/math/pgfmathfunctions.code.tex) (c:/texlive/2023/texmf-dist/tex/generic/pgf/math/pgfmathfunctions.basic.code.tex) (c:/texlive/2023/texmf-dist/tex/generic/pgf/math/pgfmathfunctions.trigonometric.code.tex) (c:/texlive/2023/texmf-dist/tex/generic/pgf/math/pgfmathfunctions.random.code.tex) (c:/texlive/2023/texmf-dist/tex/generic/pgf/math/pgfmathfunctions.comparison.code.tex) (c:/texlive/2023/texmf-dist/tex/generic/pgf/math/pgfmathfunctions.base.code.tex) (c:/texlive/2023/texmf-dist/tex/generic/pgf/math/pgfmathfunctions.round.code.tex) (c:/texlive/2023/texmf-dist/tex/generic/pgf/math/pgfmathfunctions.misc.code.tex) (c:/texlive/2023/texmf-dist/tex/generic/pgf/math/pgfmathfunctions.integerarithmetics.code.tex) (c:/texlive/2023/texmf-dist/tex/generic/pgf/math/pgfmathcalc.code.tex) (c:/texlive/2023/texmf-dist/tex/generic/pgf/math/pgfmathfloat.code.tex
\c@pgfmathroundto@lastzeros=\count372
)) (c:/texlive/2023/texmf-dist/tex/generic/pgf/math/pgfint.code.tex) (c:/texlive/2023/texmf-dist/tex/generic/pgf/basiclayer/pgfcorepoints.code.tex
File: pgfcorepoints.code.tex 2023-01-15 v3.1.10 (3.1.10)
\pgf@picminx=\dimen308
\pgf@picmaxx=\dimen309
\pgf@picminy=\dimen310
\pgf@picmaxy=\dimen311
\pgf@pathminx=\dimen312
\pgf@pathmaxx=\dimen313
\pgf@pathminy=\dimen314
\pgf@pathmaxy=\dimen315
\pgf@xx=\dimen316
\pgf@xy=\dimen317
\pgf@yx=\dimen318
\pgf@yy=\dimen319
\pgf@zx=\dimen320
\pgf@zy=\dimen321
) (c:/texlive/2023/texmf-dist/tex/generic/pgf/basiclayer/pgfcorepathconstruct.code.tex
File: pgfcorepathconstruct.code.tex 2023-01-15 v3.1.10 (3.1.10)
\pgf@path@lastx=\dimen322
\pgf@path@lasty=\dimen323
) (c:/texlive/2023/texmf-dist/tex/generic/pgf/basiclayer/pgfcorepathusage.code.tex
File: pgfcorepathusage.code.tex 2023-01-15 v3.1.10 (3.1.10)
\pgf@shorten@end@additional=\dimen324
\pgf@shorten@start@additional=\dimen325
) (c:/texlive/2023/texmf-dist/tex/generic/pgf/basiclayer/pgfcorescopes.code.tex
File: pgfcorescopes.code.tex 2023-01-15 v3.1.10 (3.1.10)
\pgfpic=\box69
\pgf@hbox=\box70
\pgf@layerbox@main=\box71
\pgf@picture@serial@count=\count373
) (c:/texlive/2023/texmf-dist/tex/generic/pgf/basiclayer/pgfcoregraphicstate.code.tex
File: pgfcoregraphicstate.code.tex 2023-01-15 v3.1.10 (3.1.10)
\pgflinewidth=\dimen326
) (c:/texlive/2023/texmf-dist/tex/generic/pgf/basiclayer/pgfcoretransformations.code.tex
File: pgfcoretransformations.code.tex 2023-01-15 v3.1.10 (3.1.10)
\pgf@pt@x=\dimen327
\pgf@pt@y=\dimen328
\pgf@pt@temp=\dimen329
) (c:/texlive/2023/texmf-dist/tex/generic/pgf/basiclayer/pgfcorequick.code.tex
File: pgfcorequick.code.tex 2023-01-15 v3.1.10 (3.1.10)
) (c:/texlive/2023/texmf-dist/tex/generic/pgf/basiclayer/pgfcoreobjects.code.tex
File: pgfcoreobjects.code.tex 2023-01-15 v3.1.10 (3.1.10)
) (c:/texlive/2023/texmf-dist/tex/generic/pgf/basiclayer/pgfcorepathprocessing.code.tex
File: pgfcorepathprocessing.code.tex 2023-01-15 v3.1.10 (3.1.10)
) (c:/texlive/2023/texmf-dist/tex/generic/pgf/basiclayer/pgfcorearrows.code.tex
File: pgfcorearrows.code.tex 2023-01-15 v3.1.10 (3.1.10)
\pgfarrowsep=\dimen330
) (c:/texlive/2023/texmf-dist/tex/generic/pgf/basiclayer/pgfcoreshade.code.tex
File: pgfcoreshade.code.tex 2023-01-15 v3.1.10 (3.1.10)
\pgf@max=\dimen331
\pgf@sys@shading@range@num=\count374
\pgf@shadingcount=\count375
) (c:/texlive/2023/texmf-dist/tex/generic/pgf/basiclayer/pgfcoreimage.code.tex
File: pgfcoreimage.code.tex 2023-01-15 v3.1.10 (3.1.10)
) (c:/texlive/2023/texmf-dist/tex/generic/pgf/basiclayer/pgfcoreexternal.code.tex
File: pgfcoreexternal.code.tex 2023-01-15 v3.1.10 (3.1.10)
\pgfexternal@startupbox=\box72
) (c:/texlive/2023/texmf-dist/tex/generic/pgf/basiclayer/pgfcorelayers.code.tex
File: pgfcorelayers.code.tex 2023-01-15 v3.1.10 (3.1.10)
) (c:/texlive/2023/texmf-dist/tex/generic/pgf/basiclayer/pgfcoretransparency.code.tex
File: pgfcoretransparency.code.tex 2023-01-15 v3.1.10 (3.1.10)
) (c:/texlive/2023/texmf-dist/tex/generic/pgf/basiclayer/pgfcorepatterns.code.tex
File: pgfcorepatterns.code.tex 2023-01-15 v3.1.10 (3.1.10)
) (c:/texlive/2023/texmf-dist/tex/generic/pgf/basiclayer/pgfcorerdf.code.tex
File: pgfcorerdf.code.tex 2023-01-15 v3.1.10 (3.1.10)
))) (c:/texlive/2023/texmf-dist/tex/generic/pgf/modules/pgfmoduleshapes.code.tex
File: pgfmoduleshapes.code.tex 2023-01-15 v3.1.10 (3.1.10)
\pgfnodeparttextbox=\box73
) (c:/texlive/2023/texmf-dist/tex/generic/pgf/modules/pgfmoduleplot.code.tex
File: pgfmoduleplot.code.tex 2023-01-15 v3.1.10 (3.1.10)
) (c:/texlive/2023/texmf-dist/tex/latex/pgf/compatibility/pgfcomp-version-0-65.sty
Package: pgfcomp-version-0-65 2023-01-15 v3.1.10 (3.1.10)
\pgf@nodesepstart=\dimen332
\pgf@nodesepend=\dimen333
) (c:/texlive/2023/texmf-dist/tex/latex/pgf/compatibility/pgfcomp-version-1-18.sty
Package: pgfcomp-version-1-18 2023-01-15 v3.1.10 (3.1.10)
)) (c:/texlive/2023/texmf-dist/tex/latex/pgf/utilities/pgffor.sty (c:/texlive/2023/texmf-dist/tex/latex/pgf/utilities/pgfkeys.sty (c:/texlive/2023/texmf-dist/tex/generic/pgf/utilities/pgfkeys.code.tex)) (c:/texlive/2023/texmf-dist/tex/latex/pgf/math/pgfmath.sty (c:/texlive/2023/texmf-dist/tex/generic/pgf/math/pgfmath.code.tex)) (c:/texlive/2023/texmf-dist/tex/generic/pgf/utilities/pgffor.code.tex
Package: pgffor 2023-01-15 v3.1.10 (3.1.10)
\pgffor@iter=\dimen334
\pgffor@skip=\dimen335
\pgffor@stack=\toks46
\pgffor@toks=\toks47
)) (c:/texlive/2023/texmf-dist/tex/generic/pgf/frontendlayer/tikz/tikz.code.tex
Package: tikz 2023-01-15 v3.1.10 (3.1.10)
 (c:/texlive/2023/texmf-dist/tex/generic/pgf/libraries/pgflibraryplothandlers.code.tex
File: pgflibraryplothandlers.code.tex 2023-01-15 v3.1.10 (3.1.10)
\pgf@plot@mark@count=\count376
\pgfplotmarksize=\dimen336
)
\tikz@lastx=\dimen337
\tikz@lasty=\dimen338
\tikz@lastxsaved=\dimen339
\tikz@lastysaved=\dimen340
\tikz@lastmovetox=\dimen341
\tikz@lastmovetoy=\dimen342
\tikzleveldistance=\dimen343
\tikzsiblingdistance=\dimen344
\tikz@figbox=\box74
\tikz@figbox@bg=\box75
\tikz@tempbox=\box76
\tikz@tempbox@bg=\box77
\tikztreelevel=\count377
\tikznumberofchildren=\count378
\tikznumberofcurrentchild=\count379
\tikz@fig@count=\count380
 (c:/texlive/2023/texmf-dist/tex/generic/pgf/modules/pgfmodulematrix.code.tex
File: pgfmodulematrix.code.tex 2023-01-15 v3.1.10 (3.1.10)
\pgfmatrixcurrentrow=\count381
\pgfmatrixcurrentcolumn=\count382
\pgf@matrix@numberofcolumns=\count383
)
\tikz@expandcount=\count384
 (c:/texlive/2023/texmf-dist/tex/generic/pgf/frontendlayer/tikz/libraries/tikzlibrarytopaths.code.tex
File: tikzlibrarytopaths.code.tex 2023-01-15 v3.1.10 (3.1.10)
))) (c:/texlive/2023/texmf-dist/tex/generic/pgf/frontendlayer/tikz/libraries/tikzlibrarydecorations.pathreplacing.code.tex (c:/texlive/2023/texmf-dist/tex/generic/pgf/frontendlayer/tikz/libraries/tikzlibrarydecorations.code.tex (c:/texlive/2023/texmf-dist/tex/generic/pgf/modules/pgfmoduledecorations.code.tex
\pgfdecoratedcompleteddistance=\dimen345
\pgfdecoratedremainingdistance=\dimen346
\pgfdecoratedinputsegmentcompleteddistance=\dimen347
\pgfdecoratedinputsegmentremainingdistance=\dimen348
\pgf@decorate@distancetomove=\dimen349
\pgf@decorate@repeatstate=\count385
\pgfdecorationsegmentamplitude=\dimen350
\pgfdecorationsegmentlength=\dimen351
)
\tikz@lib@dec@box=\box78
) (c:/texlive/2023/texmf-dist/tex/generic/pgf/libraries/decorations/pgflibrarydecorations.pathreplacing.code.tex)) (c:/texlive/2023/texmf-dist/tex/generic/pgf/frontendlayer/tikz/libraries/tikzlibrarycalc.code.tex
File: tikzlibrarycalc.code.tex 2023-01-15 v3.1.10 (3.1.10)
) (c:/texlive/2023/texmf-dist/tex/generic/pgf/frontendlayer/tikz/libraries/tikzlibraryshapes.geometric.code.tex
File: tikzlibraryshapes.geometric.code.tex 2023-01-15 v3.1.10 (3.1.10)
 (c:/texlive/2023/texmf-dist/tex/generic/pgf/libraries/shapes/pgflibraryshapes.geometric.code.tex
File: pgflibraryshapes.geometric.code.tex 2023-01-15 v3.1.10 (3.1.10)
)) (c:/texlive/2023/texmf-dist/tex/generic/pgf/frontendlayer/tikz/libraries/tikzlibrarymatrix.code.tex
File: tikzlibrarymatrix.code.tex 2023-01-15 v3.1.10 (3.1.10)
) (c:/texlive/2023/texmf-dist/tex/generic/pgf/frontendlayer/tikz/libraries/tikzlibrarytrees.code.tex
File: tikzlibrarytrees.code.tex 2023-01-15 v3.1.10 (3.1.10)
) (c:/texlive/2023/texmf-dist/tex/generic/pgf/frontendlayer/tikz/libraries/tikzlibrarypositioning.code.tex
File: tikzlibrarypositioning.code.tex 2023-01-15 v3.1.10 (3.1.10)
) (c:/texlive/2023/texmf-dist/tex/latex/tikz-qtree/tikz-qtree.sty (c:/texlive/2023/texmf-dist/tex/latex/tikz-qtree/pgftree.sty (c:/texlive/2023/texmf-dist/tex/latex/tikz-qtree/pgfsubpic.sty (c:/texlive/2023/texmf-dist/tex/latex/tikz-qtree/pgfsubpic.tex
\pgf@subpicminx=\dimen352
\pgf@subpicminy=\dimen353
\pgf@subpicmaxx=\dimen354
\pgf@subpicmaxy=\dimen355
)) (c:/texlive/2023/texmf-dist/tex/latex/tikz-qtree/pgftree.tex
\levelsep=\dimen356
\subtreesep=\dimen357
\smuggle@levelsep=\dimen358
\smuggle@subtreesep=\dimen359
\this@levelsep=\dimen360
\this@subtreesep=\dimen361
\pgftree@childx=\dimen362
\pgftree@savechildx=\dimen363
\pgftree@childy=\dimen364
\pgftree@savechildy=\dimen365
\pgftree@childi=\count386
\pgftree@savechildi=\count387
\pgftree@level=\count388
\pgftree@depth=\dimen366
\pgf@subpic@hbox@children=\box79
\pgf@subpic@minx@children=\dimen367
\pgf@subpic@miny@children=\dimen368
\pgf@subpic@maxx@children=\dimen369
\pgf@subpic@maxy@children=\dimen370
\pgftree@lastchildx=\dimen371
\pgftree@lastchildy=\dimen372
)) (c:/texlive/2023/texmf-dist/tex/latex/tikz-qtree/tikz-qtree.tex
\@result=\toks48
\child@list=\toks49
\root@node=\toks50
)) (c:/texlive/2023/texmf-dist/tex/latex/adjustbox/adjustbox.sty
Package: adjustbox 2022/10/17 v1.3a Adjusting TeX boxes (trim, clip, ...)
 (c:/texlive/2023/texmf-dist/tex/latex/xkeyval/xkeyval.sty
Package: xkeyval 2022/06/16 v2.9 package option processing (HA)
 (c:/texlive/2023/texmf-dist/tex/generic/xkeyval/xkeyval.tex (c:/texlive/2023/texmf-dist/tex/generic/xkeyval/xkvutils.tex
\XKV@toks=\toks51
\XKV@tempa@toks=\toks52
)
\XKV@depth=\count389
File: xkeyval.tex 2014/12/03 v2.7a key=value parser (HA)
)) (c:/texlive/2023/texmf-dist/tex/latex/adjustbox/adjcalc.sty
Package: adjcalc 2012/05/16 v1.1 Provides advanced setlength with multiple back-ends (calc, etex, pgfmath)
) (c:/texlive/2023/texmf-dist/tex/latex/adjustbox/trimclip.sty
Package: trimclip 2020/08/19 v1.2 Trim and clip general TeX material
 (c:/texlive/2023/texmf-dist/tex/latex/collectbox/collectbox.sty
Package: collectbox 2022/10/17 v0.4c Collect macro arguments as boxes
\collectedbox=\box80
)
\tc@llx=\dimen373
\tc@lly=\dimen374
\tc@urx=\dimen375
\tc@ury=\dimen376
Package trimclip Info: Using driver 'tc-pdftex.def'.
 (c:/texlive/2023/texmf-dist/tex/latex/adjustbox/tc-pdftex.def
File: tc-pdftex.def 2019/01/04 v2.2 Clipping driver for pdftex
))
\adjbox@Width=\dimen377
\adjbox@Height=\dimen378
\adjbox@Depth=\dimen379
\adjbox@Totalheight=\dimen380
\adjbox@pwidth=\dimen381
\adjbox@pheight=\dimen382
\adjbox@pdepth=\dimen383
\adjbox@ptotalheight=\dimen384
 (c:/texlive/2023/texmf-dist/tex/latex/ifoddpage/ifoddpage.sty
Package: ifoddpage 2022/10/18 v1.2 Conditionals for odd/even page detection
\c@checkoddpage=\count390
LaTeX Info: Redefining \checkoddpage on input line 45.
) (c:/texlive/2023/texmf-dist/tex/latex/varwidth/varwidth.sty
Package: varwidth 2009/03/30 ver 0.92;  Variable-width minipages
\@vwid@box=\box81
\sift@deathcycles=\count391
\@vwid@loff=\dimen385
\@vwid@roff=\dimen386
)) (c:/texlive/2023/texmf-dist/tex/latex/float/float.sty
Package: float 2001/11/08 v1.3d Float enhancements (AL)
\c@float@type=\count392
\float@exts=\toks53
\float@box=\box82
\@float@everytoks=\toks54
\@floatcapt=\box83
) (c:/texlive/2023/texmf-dist/tex/latex/wrapfig/wrapfig.sty
\wrapoverhang=\dimen387
\WF@size=\dimen388
\c@WF@wrappedlines=\count393
\WF@box=\box84
\WF@everypar=\toks55
Package: wrapfig 2003/01/31  v 3.6
) (c:/texlive/2023/texmf-dist/tex/latex/algorithm2e/algorithm2e.sty
Package: algorithm2e 2017/07/18 v5.2 algorithms environments
\c@AlgoLine=\count394
 (c:/texlive/2023/texmf-dist/tex/latex/base/ifthen.sty
Package: ifthen 2022/04/13 v1.1d Standard LaTeX ifthen package (DPC)
)
\algocf@hangindent=\skip272
 (c:/texlive/2023/texmf-dist/tex/latex/tools/xspace.sty
Package: xspace 2014/10/28 v1.13 Space after command names (DPC,MH)
) (c:/texlive/2023/texmf-dist/tex/latex/relsize/relsize.sty
Package: relsize 2013/03/29 ver 4.1
)
\skiptotal=\skip273
\skiplinenumber=\skip274
\skiprule=\skip275
\skiphlne=\skip276
\skiptext=\skip277
\skiplength=\skip278
\algomargin=\skip279
\skipalgocfslide=\skip280
\algowidth=\dimen389
\inoutsize=\dimen390
\inoutindent=\dimen391
\interspacetitleruled=\dimen392
\interspacealgoruled=\dimen393
\interspacetitleboxruled=\dimen394
\algocf@ruledwidth=\skip281
\algocf@inoutbox=\box85
\algocf@inputbox=\box86
\AlCapSkip=\skip282
\AlCapHSkip=\skip283
\algoskipindent=\skip284
\algocf@nlbox=\box87
\algocf@hangingbox=\box88
\algocf@untilbox=\box89
\algocf@skipuntil=\skip285
\algocf@capbox=\box90
\algocf@lcaptionbox=\skip286
\algoheightruledefault=\skip287
\algoheightrule=\skip288
\algotitleheightruledefault=\skip289
\algotitleheightrule=\skip290
\c@algocfline=\count395
\c@algocfproc=\count396
\c@algocf=\count397
\algocf@algoframe=\box91
\algocf@algobox=\box92
) (c:/texlive/2023/texmf-dist/tex/latex/caption/subcaption.sty
Package: subcaption 2023/02/19 v1.6 Sub-captions (AR)
 (c:/texlive/2023/texmf-dist/tex/latex/caption/caption.sty
Package: caption 2023/03/12 v3.6j Customizing captions (AR)
 (c:/texlive/2023/texmf-dist/tex/latex/caption/caption3.sty
Package: caption3 2023/03/12 v2.4 caption3 kernel (AR)
\caption@tempdima=\dimen395
\captionmargin=\dimen396
\caption@leftmargin=\dimen397
\caption@rightmargin=\dimen398
\caption@width=\dimen399
\caption@indent=\dimen400
\caption@parindent=\dimen401
\caption@hangindent=\dimen402
Package caption Info: memoir document class detected.
 (c:/texlive/2023/texmf-dist/tex/latex/caption/caption-memoir.sto
File: caption-memoir.sto 2022/03/02 v2.2b Adaption of the caption package to the memoir document class (AR)
))
\c@caption@flags=\count398
\c@continuedfloat=\count399
Package caption Info: changepage package is loaded.
\caption@adjustwidth@hsize=\dimen403
\caption@adjustwidth@linewidth=\dimen404
Package caption Info: float package is loaded.
Package caption Info: hyperref package is loaded.
Package caption Info: wrapfig package is loaded.
)
Package caption Info: New subtype `subfigure' on input line 239.
\c@subfigure=\count400
Package caption Info: New subtype `subtable' on input line 239.
\c@subtable=\count401
) (c:/texlive/2023/texmf-dist/tex/latex/multirow/multirow.sty
Package: multirow 2021/03/15 v2.8 Span multiple rows of a table
\multirow@colwidth=\skip291
\multirow@cntb=\count402
\multirow@dima=\skip292
\bigstrutjot=\dimen405
) (c:/texlive/2023/texmf-dist/tex/latex/svg/svg.sty
Package: svg 2020/11/26 v2.02k (include SVG pictures)
 (c:/texlive/2023/texmf-dist/tex/latex/koma-script/scrbase.sty
Package: scrbase 2023/04/24 v3.40 KOMA-Script package (KOMA-Script-independent basics and keyval usage)
 (c:/texlive/2023/texmf-dist/tex/latex/koma-script/scrlfile.sty
Package: scrlfile 2023/04/24 v3.40 KOMA-Script package (file load hooks)
 (c:/texlive/2023/texmf-dist/tex/latex/koma-script/scrlfile-hook.sty
Package: scrlfile-hook 2023/04/24 v3.40 KOMA-Script package (using LaTeX hooks)
 (c:/texlive/2023/texmf-dist/tex/latex/koma-script/scrlogo.sty
Package: scrlogo 2023/04/24 v3.40 KOMA-Script package (logo)
)))
Applying: [2021/05/01] Usage of raw or classic option list on input line 252.
Already applied: [0000/00/00] Usage of raw or classic option list on input line 368.
) (c:/texlive/2023/texmf-dist/tex/latex/trimspaces/trimspaces.sty
Package: trimspaces 2009/09/17 v1.1 Trim spaces around a token list
) (c:/texlive/2023/texmf-dist/tex/latex/tools/shellesc.sty
Package: shellesc 2019/11/08 v1.0c unified shell escape interface for LaTeX
Package shellesc Info: Unrestricted shell escape enabled on input line 75.
) (c:/texlive/2023/texmf-dist/tex/latex/ifplatform/ifplatform.sty
Package: ifplatform 2017/10/13 v0.4a Testing for the operating system
 (c:/texlive/2023/texmf-dist/tex/generic/catchfile/catchfile.sty
Package: catchfile 2019/12/09 v1.8 Catch the contents of a file (HO)
 (c:/texlive/2023/texmf-dist/tex/generic/etexcmds/etexcmds.sty
Package: etexcmds 2019/12/15 v1.7 Avoid name clashes with e-TeX commands (HO)
)) (c:/texlive/2023/texmf-dist/tex/generic/iftex/ifluatex.sty
Package: ifluatex 2019/10/25 v1.5 ifluatex legacy package. Use iftex instead.
))
\c@svg@param@lastpage=\count403
\svg@box=\box93
\c@svg@param@currpage=\count404
) (c:/texlive/2023/texmf-dist/tex/latex/transparent/transparent.sty
Package: transparent 2022-10-27 v1.5 Transparency with color stacks
 (c:/texlive/2023/texmf-dist/tex/latex/transparent/transparent-nometadata.sty
Package: transparent-nometadata 2022-10-27 v1.5 Transparency via pdfTeX's color stack (HO)
)) (c:/texlive/2023/texmf-dist/tex/latex/graphics/rotating.sty
Package: rotating 2016/08/11 v2.16d rotated objects in LaTeX
\c@r@tfl@t=\count405
\rotFPtop=\skip293
\rotFPbot=\skip294
\rot@float@box=\box94
\rot@mess@toks=\toks56
) (./USthesis_Masters.aux (./frontmatter/Chap-Front.aux) (./frontmatter/Nomencl.aux) (./contents/chapt1/chapt1.aux) (./contents/chapt2/chapt2.aux) (./contents/chapt3_combined/chapt3.aux) (./contents/chapt4/chapt4.aux) (./contents/chapt5/chapt5.aux) (./contents/chapt6/chapt6.aux) (./contents/chapt7/chapt7.aux) (./contents/chapt8/chapt8.aux) (./contents/appendix/App1.aux))
\openout1 = `USthesis_Masters.aux'.

LaTeX Font Info:    Checking defaults for OML/cmm/m/it on input line 150.
LaTeX Font Info:    ... okay on input line 150.
LaTeX Font Info:    Checking defaults for OMS/cmsy/m/n on input line 150.
LaTeX Font Info:    ... okay on input line 150.
LaTeX Font Info:    Checking defaults for OT1/cmr/m/n on input line 150.
LaTeX Font Info:    ... okay on input line 150.
LaTeX Font Info:    Checking defaults for T1/cmr/m/n on input line 150.
LaTeX Font Info:    ... okay on input line 150.
LaTeX Font Info:    Checking defaults for TS1/cmr/m/n on input line 150.
LaTeX Font Info:    ... okay on input line 150.
LaTeX Font Info:    Checking defaults for OMX/cmex/m/n on input line 150.
LaTeX Font Info:    ... okay on input line 150.
LaTeX Font Info:    Checking defaults for U/cmr/m/n on input line 150.
LaTeX Font Info:    ... okay on input line 150.
LaTeX Font Info:    Checking defaults for PD1/pdf/m/n on input line 150.
LaTeX Font Info:    ... okay on input line 150.
LaTeX Font Info:    Checking defaults for PU/pdf/m/n on input line 150.
LaTeX Font Info:    ... okay on input line 150.

*geometry* driver: auto-detecting
*geometry* detected driver: pdftex
*geometry* verbose mode - [ preamble ] result:
* driver: pdftex
* paper: a4paper
* layout: <same size as paper>
* layoutoffset:(h,v)=(0.0pt,0.0pt)
* modes: 
* h-part:(L,W,R)=(71.13188pt, 455.24411pt, 71.13188pt)
* v-part:(T,H,B)=(71.13188pt, 702.78308pt, 71.13188pt)
* \paperwidth=597.50787pt
* \paperheight=845.04684pt
* \textwidth=455.24411pt
* \textheight=702.78308pt
* \oddsidemargin=-1.1381pt
* \evensidemargin=-1.1381pt
* \topmargin=-35.5119pt
* \headheight=14.5pt
* \headsep=19.8738pt
* \topskip=12.0pt
* \footskip=30.0pt
* \marginparwidth=42.0pt
* \marginparsep=7.0pt
* \columnsep=10.0pt
* \skip\footins=12.0pt plus 4.0pt minus 4.0pt
* \hoffset=0.0pt
* \voffset=0.0pt
* \mag=1000
* \@twocolumnfalse
* \@twosidefalse
* \@mparswitchfalse
* \@reversemarginfalse
* (1in=72.27pt=25.4mm, 1cm=28.453pt)

(c:/texlive/2023/texmf-dist/tex/context/base/mkii/supp-pdf.mkii
[Loading MPS to PDF converter (version 2006.09.02).]
\scratchcounter=\count406
\scratchdimen=\dimen406
\scratchbox=\box95
\nofMPsegments=\count407
\nofMParguments=\count408
\everyMPshowfont=\toks57
\MPscratchCnt=\count409
\MPscratchDim=\dimen407
\MPnumerator=\count410
\makeMPintoPDFobject=\count411
\everyMPtoPDFconversion=\toks58
) (c:/texlive/2023/texmf-dist/tex/latex/epstopdf-pkg/epstopdf-base.sty
Package: epstopdf-base 2020-01-24 v2.11 Base part for package epstopdf
Package epstopdf-base Info: Redefining graphics rule for `.eps' on input line 485.
 (c:/texlive/2023/texmf-dist/tex/latex/latexconfig/epstopdf-sys.cfg
File: epstopdf-sys.cfg 2010/07/13 v1.3 Configuration of (r)epstopdf for TeX Live
))
Package hyperref Info: Link coloring OFF on input line 150.
 (./USthesis_Masters.out) (./USthesis_Masters.out)
\@outlinefile=\write5
\openout5 = `USthesis_Masters.out'.

Package caption Info: Begin \AtBeginDocument code.
Package caption Info: rotating package is loaded.
Package caption Info: End \AtBeginDocument code.
 (|'inkscape' -V )

Package svg Warning: No version of Inkscape was detected by invoking
(svg)                `inkscape -V'
(svg)                so the Inkscape export will fail quite sure as the
(svg)                command is probably unknown to your OS. You could set
(svg)                `inkscapeversion=<version>' manually but this is very
(svg)                unlikely to work on input line 150.

LaTeX Font Info:    Trying to load font information for U+msa on input line 156.
(c:/texlive/2023/texmf-dist/tex/latex/amsfonts/umsa.fd
File: umsa.fd 2013/01/14 v3.01 AMS symbols A
)
LaTeX Font Info:    Trying to load font information for U+msb on input line 156.
 (c:/texlive/2023/texmf-dist/tex/latex/amsfonts/umsb.fd
File: umsb.fd 2013/01/14 v3.01 AMS symbols B
)
<UScrest-WM.jpg, id=248, 49.8663pt x 69.3792pt>
File: UScrest-WM.jpg Graphic file (type jpg)
<use UScrest-WM.jpg>
Package pdftex.def Info: UScrest-WM.jpg  used on input line 156.
(pdftex.def)             Requested size: 89.62253pt x 124.70882pt.
 [1



{c:/texlive/2023/texmf-var/fonts/map/pdftex/updmap/pdftex.map}{c:/texlive/2023/texmf-dist/fonts/enc/dvips/cm-super/cm-super-t1.enc} <c:/texlive/2023/texmf-dist/tex/latex/stellenbosch/logos/UScrest-WM.jpg>]
Overfull \hbox (72.24411pt too wide) has occurred while \output is active
[]
 []


Overfull \hbox (72.24411pt too wide) has occurred while \output is active
[]
 []


pdfTeX warning (ext4): destination with the same identifier (name{page.i}) has been already used, duplicate ignored
<to be read again> 
                   \relax 
l.161  \include{frontmatter/Chap-Front}
                                        [1

{c:/texlive/2023/texmf-dist/fonts/enc/dvips/cm-super/cm-super-ts1.enc}]
\openout2 = `frontmatter/Chap-Front.aux'.

 (./frontmatter/Chap-Front.tex
Overfull \hbox (5.90933pt too wide) in paragraph at lines 7--10
\T1/cmr/m/n/12 based so-lu-tions, par-tic-u-larly in re-in-force-ment learn-ing (RL), for au-tonomous rac-ing. Model-
 []


Overfull \hbox (72.24411pt too wide) has occurred while \output is active
[]
 []


Overfull \hbox (72.24411pt too wide) has occurred while \output is active
[]
 []

[2


]
Overfull \hbox (72.24411pt too wide) has occurred while \output is active
[]
 []


Overfull \hbox (72.24411pt too wide) has occurred while \output is active
[]
 []

[3

]
Underfull \hbox (badness 10000) in paragraph at lines 42--54

 []


Underfull \hbox (badness 10000) in paragraph at lines 42--54

 []


Underfull \hbox (badness 10000) in paragraph at lines 42--54

 []


Underfull \hbox (badness 10000) in paragraph at lines 42--54

 []


Underfull \hbox (badness 10000) in paragraph at lines 42--54

 []

)
Overfull \hbox (72.24411pt too wide) has occurred while \output is active
[]
 []


Overfull \hbox (72.24411pt too wide) has occurred while \output is active
[]
 []

[4

] (./USthesis_Masters.toc
Overfull \hbox (72.24411pt too wide) has occurred while \output is active
[]
 []


Overfull \hbox (72.24411pt too wide) has occurred while \output is active
[]
 []

[5


])
Overfull \hbox (72.24411pt too wide) has occurred while \output is active
[]
 []


Overfull \hbox (72.24411pt too wide) has occurred while \output is active
[]
 []

[6] (./USthesis_Masters.lof
Overfull \hbox (72.24411pt too wide) has occurred while \output is active
[]
 []


Overfull \hbox (72.24411pt too wide) has occurred while \output is active
[]
 []

[7

]
Overfull \hbox (72.24411pt too wide) has occurred while \output is active
[]
 []


Overfull \hbox (72.24411pt too wide) has occurred while \output is active
[]
 []

[8])
Overfull \hbox (72.24411pt too wide) has occurred while \output is active
[]
 []


Overfull \hbox (72.24411pt too wide) has occurred while \output is active
[]
 []

[9] (./USthesis_Masters.loa)
Overfull \hbox (72.24411pt too wide) has occurred while \output is active
[]
 []


Overfull \hbox (72.24411pt too wide) has occurred while \output is active
[]
 []

[10

] (./USthesis_Masters.lot)
Overfull \hbox (72.24411pt too wide) has occurred while \output is active
[]
 []


Overfull \hbox (72.24411pt too wide) has occurred while \output is active
[]
 []

[11

]
\openout2 = `frontmatter/Nomencl.aux'.

 (./frontmatter/Nomencl.tex)
Overfull \hbox (72.24411pt too wide) has occurred while \output is active
[]
 []


Overfull \hbox (72.24411pt too wide) has occurred while \output is active
[]
 []

[12



]
\openout2 = `contents/chapt1/chapt1.aux'.

 (./contents/chapt1/chapt1.tex
<contents/chapt1/figs/f1tenth_car.png, id=601, 615.29875pt x 603.25375pt>
File: contents/chapt1/figs/f1tenth_car.png Graphic file (type png)
<use contents/chapt1/figs/f1tenth_car.png>
Package pdftex.def Info: contents/chapt1/figs/f1tenth_car.png  used on input line 20.
(pdftex.def)             Requested size: 182.09486pt x 178.529pt.

Overfull \hbox (72.24411pt too wide) has occurred while \output is active
[]
 []


Overfull \hbox (72.24411pt too wide) has occurred while \output is active
[]
 []

[1





 <./contents/chapt1/figs/f1tenth_car.png>]
Overfull \hbox (72.24411pt too wide) has occurred while \output is active
[]
 []


Overfull \hbox (72.24411pt too wide) has occurred while \output is active
[]
 []

[2])
Overfull \hbox (72.24411pt too wide) has occurred while \output is active
[]
 []


Overfull \hbox (72.24411pt too wide) has occurred while \output is active
[]
 []

[3]
\openout2 = `contents/chapt2/chapt2.aux'.

 (./contents/chapt2/chapt2.tex (./contents/chapt2/figs/literature_taxonomy_sections.tex)
Overfull \hbox (72.24411pt too wide) has occurred while \output is active
[]
 []


Overfull \hbox (72.24411pt too wide) has occurred while \output is active
[]
 []

[4




] (./contents/chapt2/figs/classic_pipeline.tex)
<contents/chapt2/figs/devbot.PNG, id=775, 444.15938pt x 223.58531pt>
File: contents/chapt2/figs/devbot.PNG Graphic file (type png)
<use contents/chapt2/figs/devbot.PNG>
Package pdftex.def Info: contents/chapt2/figs/devbot.PNG  used on input line 66.
(pdftex.def)             Requested size: 318.66948pt x 160.41495pt.

Overfull \hbox (72.24411pt too wide) has occurred while \output is active
[]
 []


Overfull \hbox (72.24411pt too wide) has occurred while \output is active
[]
 []

[5]
Overfull \hbox (72.24411pt too wide) has occurred while \output is active
[]
 []


Overfull \hbox (72.24411pt too wide) has occurred while \output is active
[]
 []

[6 <./contents/chapt2/figs/devbot.PNG>]
<contents/chapt2/figs/stanley.jpg, id=819, 1027.84pt x 611.28375pt>
File: contents/chapt2/figs/stanley.jpg Graphic file (type jpg)
<use contents/chapt2/figs/stanley.jpg>
Package pdftex.def Info: contents/chapt2/figs/stanley.jpg  used on input line 98.
(pdftex.def)             Requested size: 227.62206pt x 135.36894pt.
 (./contents/chapt2/figs/end_to_end_pipeline.tex)
Overfull \hbox (72.24411pt too wide) has occurred while \output is active
[]
 []


Overfull \hbox (72.24411pt too wide) has occurred while \output is active
[]
 []

[7 <./contents/chapt2/figs/stanley.jpg>]
<contents/chapt2/figs/IL_car.png, id=841, 261.22594pt x 137.01187pt>
File: contents/chapt2/figs/IL_car.png Graphic file (type png)
<use contents/chapt2/figs/IL_car.png>
Package pdftex.def Info: contents/chapt2/figs/IL_car.png  used on input line 142.
(pdftex.def)             Requested size: 187.48064pt x 98.33118pt.
<contents/chapt2/figs/IL_track.png, id=842, 304.13625pt x 136.25906pt>
File: contents/chapt2/figs/IL_track.png Graphic file (type png)
<use contents/chapt2/figs/IL_track.png>
Package pdftex.def Info: contents/chapt2/figs/IL_track.png  used on input line 149.
(pdftex.def)             Requested size: 219.47913pt x 98.33118pt.

Overfull \hbox (0.96391pt too wide) in paragraph at lines 149--150
 [][] 
 []


Overfull \hbox (72.24411pt too wide) has occurred while \output is active
[]
 []


Overfull \hbox (72.24411pt too wide) has occurred while \output is active
[]
 []

[8 <./contents/chapt2/figs/IL_car.PNG> <./contents/chapt2/figs/IL_track.PNG>]
<contents/chapt2/figs/GTS.PNG, id=884, 487.06969pt x 235.63031pt>
File: contents/chapt2/figs/GTS.PNG Graphic file (type png)
<use contents/chapt2/figs/GTS.PNG>
Package pdftex.def Info: contents/chapt2/figs/GTS.PNG  used on input line 193.
(pdftex.def)             Requested size: 273.14923pt x 132.14262pt.

Overfull \hbox (72.24411pt too wide) has occurred while \output is active
[]
 []


Overfull \hbox (72.24411pt too wide) has occurred while \output is active
[]
 []

[9 <./contents/chapt2/figs/GTS.PNG>]
<contents/chapt2/figs/brunnbauer.PNG, id=901, 426.09187pt x 214.55156pt>
File: contents/chapt2/figs/brunnbauer.PNG Graphic file (type png)
<use contents/chapt2/figs/brunnbauer.PNG>
Package pdftex.def Info: contents/chapt2/figs/brunnbauer.PNG  used on input line 222.
(pdftex.def)             Requested size: 273.14923pt x 137.54823pt.

Overfull \hbox (72.24411pt too wide) has occurred while \output is active
[]
 []


Overfull \hbox (72.24411pt too wide) has occurred while \output is active
[]
 []

[10 <./contents/chapt2/figs/brunnbauer.PNG>]
<contents/chapt2/figs/ivanov.PNG, id=919, 237.13594pt x 161.10187pt>
File: contents/chapt2/figs/ivanov.PNG Graphic file (type png)
<use contents/chapt2/figs/ivanov.PNG>
Package pdftex.def Info: contents/chapt2/figs/ivanov.PNG  used on input line 247.
(pdftex.def)             Requested size: 136.57462pt x 92.78772pt.
 (./contents/chapt2/figs/reinforcement_learning_table_1.tex
Underfull \hbox (badness 10000) in alignment at lines 41--41
[][][][] 
 []

)
Overfull \hbox (72.24411pt too wide) has occurred while \output is active
[]
 []


Overfull \hbox (72.24411pt too wide) has occurred while \output is active
[]
 []

[11 <./contents/chapt2/figs/ivanov.PNG>] (./contents/chapt2/figs/partial_end_to_end_learned_control.tex) (./contents/chapt2/figs/partial_end_to_end_learned_planning.tex)
Overfull \hbox (72.24411pt too wide) has occurred while \output is active
[]
 []


Overfull \hbox (72.24411pt too wide) has occurred while \output is active
[]
 []

[12]
<contents/chapt2/figs/TC_end_to_end.png, id=969, 217.5628pt x 194.97844pt>
File: contents/chapt2/figs/TC_end_to_end.png Graphic file (type png)
<use contents/chapt2/figs/TC_end_to_end.png>
Package pdftex.def Info: contents/chapt2/figs/TC_end_to_end.png  used on input line 319.
(pdftex.def)             Requested size: 112.00792pt x 100.38176pt.
<contents/chapt2/figs/TC_partial.png, id=970, 219.82124pt x 195.73125pt>
File: contents/chapt2/figs/TC_partial.png Graphic file (type png)
<use contents/chapt2/figs/TC_partial.png>
Package pdftex.def Info: contents/chapt2/figs/TC_partial.png  used on input line 326.
(pdftex.def)             Requested size: 112.73793pt x 100.38176pt.

Overfull \hbox (72.24411pt too wide) has occurred while \output is active
[]
 []


Overfull \hbox (72.24411pt too wide) has occurred while \output is active
[]
 []

[13 <./contents/chapt2/figs/TC_end_to_end.PNG> <./contents/chapt2/figs/TC_partial.PNG>] (./contents/chapt2/figs/partial_end_to_end_table.tex

Package array Warning: Column R is already defined on input line 1.


Package array Warning: Column M is already defined on input line 2.


Package array Warning: Column N is already defined on input line 3.


Package array Warning: Column Y is already defined on input line 4.


Package array Warning: Column L is already defined on input line 5.


Underfull \hbox (badness 10000) in alignment at lines 21--21
[][][][][] 
 []

)
Overfull \hbox (72.24411pt too wide) has occurred while \output is active
[]
 []


Overfull \hbox (72.24411pt too wide) has occurred while \output is active
[]
 []

[14])
Overfull \hbox (72.24411pt too wide) has occurred while \output is active
[]
 []


Overfull \hbox (72.24411pt too wide) has occurred while \output is active
[]
 []

[15]
\openout2 = `contents/chapt3_combined/chapt3.aux'.

 (./contents/chapt3_combined/chapt3.tex (./contents/chapt3/figs/agent_environment_boundary.pdf_tex
<contents/chapt3/figs/agent_environment_boundary.pdf, id=1042, page=1, 369.88004pt x 214.60071pt>
File: contents/chapt3/figs/agent_environment_boundary.pdf Graphic file (type pdf)
<use contents/chapt3/figs/agent_environment_boundary.pdf, page 1>
Package pdftex.def Info: contents/chapt3/figs/agent_environment_boundary.pdf , page1 used on input line 56.
(pdftex.def)             Requested size: 369.88004pt x 214.60017pt.
<contents/chapt3/figs/agent_environment_boundary.pdf, id=1043, page=2, 369.88004pt x 214.60071pt>
File: contents/chapt3/figs/agent_environment_boundary.pdf Graphic file (type pdf)
<use contents/chapt3/figs/agent_environment_boundary.pdf, page 2>
Package pdftex.def Info: contents/chapt3/figs/agent_environment_boundary.pdf , page2 used on input line 58.
(pdftex.def)             Requested size: 369.88004pt x 214.60017pt.
<contents/chapt3/figs/agent_environment_boundary.pdf, id=1044, page=3, 369.88004pt x 214.60071pt>
File: contents/chapt3/figs/agent_environment_boundary.pdf Graphic file (type pdf)
<use contents/chapt3/figs/agent_environment_boundary.pdf, page 3>
Package pdftex.def Info: contents/chapt3/figs/agent_environment_boundary.pdf , page3 used on input line 60.
(pdftex.def)             Requested size: 369.88004pt x 214.60017pt.
<contents/chapt3/figs/agent_environment_boundary.pdf, id=1045, page=4, 369.88004pt x 214.60071pt>
File: contents/chapt3/figs/agent_environment_boundary.pdf Graphic file (type pdf)
<use contents/chapt3/figs/agent_environment_boundary.pdf, page 4>
Package pdftex.def Info: contents/chapt3/figs/agent_environment_boundary.pdf , page4 used on input line 62.
(pdftex.def)             Requested size: 369.88004pt x 214.60017pt.
<contents/chapt3/figs/agent_environment_boundary.pdf, id=1046, page=5, 369.88004pt x 214.60071pt>
File: contents/chapt3/figs/agent_environment_boundary.pdf Graphic file (type pdf)
<use contents/chapt3/figs/agent_environment_boundary.pdf, page 5>
Package pdftex.def Info: contents/chapt3/figs/agent_environment_boundary.pdf , page5 used on input line 64.
(pdftex.def)             Requested size: 369.88004pt x 214.60017pt.
<contents/chapt3/figs/agent_environment_boundary.pdf, id=1047, page=6, 369.88004pt x 214.60071pt>
File: contents/chapt3/figs/agent_environment_boundary.pdf Graphic file (type pdf)
<use contents/chapt3/figs/agent_environment_boundary.pdf, page 6>
Package pdftex.def Info: contents/chapt3/figs/agent_environment_boundary.pdf , page6 used on input line 70.
(pdftex.def)             Requested size: 369.88004pt x 214.60017pt.
<contents/chapt3/figs/agent_environment_boundary.pdf, id=1048, page=7, 369.88004pt x 214.60071pt>
File: contents/chapt3/figs/agent_environment_boundary.pdf Graphic file (type pdf)
<use contents/chapt3/figs/agent_environment_boundary.pdf, page 7>
Package pdftex.def Info: contents/chapt3/figs/agent_environment_boundary.pdf , page7 used on input line 73.
(pdftex.def)             Requested size: 369.88004pt x 214.60017pt.
<contents/chapt3/figs/agent_environment_boundary.pdf, id=1049, page=8, 369.88004pt x 214.60071pt>
File: contents/chapt3/figs/agent_environment_boundary.pdf Graphic file (type pdf)
<use contents/chapt3/figs/agent_environment_boundary.pdf, page 8>
Package pdftex.def Info: contents/chapt3/figs/agent_environment_boundary.pdf , page8 used on input line 75.
(pdftex.def)             Requested size: 369.88004pt x 214.60017pt.
)
Overfull \hbox (72.24411pt too wide) has occurred while \output is active
[]
 []


Overfull \hbox (72.24411pt too wide) has occurred while \output is active
[]
 []

[16




]
Overfull \hbox (72.24411pt too wide) has occurred while \output is active
[]
 []


Overfull \hbox (72.24411pt too wide) has occurred while \output is active
[]
 []

[17 <./contents/chapt3/figs/agent_environment_boundary.pdf> <./contents/chapt3/figs/agent_environment_boundary.pdf

pdfTeX warning: pdflatex.exe (file ./contents/chapt3/figs/agent_environment_boundary.pdf): PDF inclusion: multiple pdfs with page group included in a single page
> <./contents/chapt3/figs/agent_environment_boundary.pdf

pdfTeX warning: pdflatex.exe (file ./contents/chapt3/figs/agent_environment_boundary.pdf): PDF inclusion: multiple pdfs with page group included in a single page
> <./contents/chapt3/figs/agent_environment_boundary.pdf

pdfTeX warning: pdflatex.exe (file ./contents/chapt3/figs/agent_environment_boundary.pdf): PDF inclusion: multiple pdfs with page group included in a single page
> <./contents/chapt3/figs/agent_environment_boundary.pdf

pdfTeX warning: pdflatex.exe (file ./contents/chapt3/figs/agent_environment_boundary.pdf): PDF inclusion: multiple pdfs with page group included in a single page
> <./contents/chapt3/figs/agent_environment_boundary.pdf

pdfTeX warning: pdflatex.exe (file ./contents/chapt3/figs/agent_environment_boundary.pdf): PDF inclusion: multiple pdfs with page group included in a single page
> <./contents/chapt3/figs/agent_environment_boundary.pdf

pdfTeX warning: pdflatex.exe (file ./contents/chapt3/figs/agent_environment_boundary.pdf): PDF inclusion: multiple pdfs with page group included in a single page
> <./contents/chapt3/figs/agent_environment_boundary.pdf

pdfTeX warning: pdflatex.exe (file ./contents/chapt3/figs/agent_environment_boundary.pdf): PDF inclusion: multiple pdfs with page group included in a single page
>] (./contents/chapt3/figs/RL_taxonomy.tex)
Overfull \hbox (72.24411pt too wide) has occurred while \output is active
[]
 []


Overfull \hbox (72.24411pt too wide) has occurred while \output is active
[]
 []

[18] (./contents/chapt3/figs/neural_network.tex
Missing character: There is no ; in font nullfont!
)
Overfull \hbox (72.24411pt too wide) has occurred while \output is active
[]
 []


Overfull \hbox (72.24411pt too wide) has occurred while \output is active
[]
 []

[19]
Overfull \hbox (72.24411pt too wide) has occurred while \output is active
[]
 []


Overfull \hbox (72.24411pt too wide) has occurred while \output is active
[]
 []

[20]
Overfull \hbox (72.24411pt too wide) has occurred while \output is active
[]
 []


Overfull \hbox (72.24411pt too wide) has occurred while \output is active
[]
 []

[21]
Overfull \hbox (72.24411pt too wide) has occurred while \output is active
[]
 []


Overfull \hbox (72.24411pt too wide) has occurred while \output is active
[]
 []

[22])
Overfull \hbox (72.24411pt too wide) has occurred while \output is active
[]
 []


Overfull \hbox (72.24411pt too wide) has occurred while \output is active
[]
 []

[23]
\openout2 = `contents/chapt4/chapt4.aux'.

 (./contents/chapt4/chapt4.tex (./contents/chapt4/figs/f1tenth_vehicle_annotated.pdf_tex
<contents/chapt4/figs/f1tenth_vehicle_annotated.pdf, id=1194, page=1, 358.29295pt x 180.675pt>
File: contents/chapt4/figs/f1tenth_vehicle_annotated.pdf Graphic file (type pdf)
<use contents/chapt4/figs/f1tenth_vehicle_annotated.pdf, page 1>
Package pdftex.def Info: contents/chapt4/figs/f1tenth_vehicle_annotated.pdf , page1 used on input line 56.
(pdftex.def)             Requested size: 358.29295pt x 180.68005pt.
<contents/chapt4/figs/f1tenth_vehicle_annotated.pdf, id=1195, page=2, 358.29295pt x 180.675pt>
File: contents/chapt4/figs/f1tenth_vehicle_annotated.pdf Graphic file (type pdf)
<use contents/chapt4/figs/f1tenth_vehicle_annotated.pdf, page 2>
Package pdftex.def Info: contents/chapt4/figs/f1tenth_vehicle_annotated.pdf , page2 used on input line 58.
(pdftex.def)             Requested size: 358.29295pt x 180.68005pt.
<contents/chapt4/figs/f1tenth_vehicle_annotated.pdf, id=1196, page=3, 358.29295pt x 180.675pt>
File: contents/chapt4/figs/f1tenth_vehicle_annotated.pdf Graphic file (type pdf)
<use contents/chapt4/figs/f1tenth_vehicle_annotated.pdf, page 3>
Package pdftex.def Info: contents/chapt4/figs/f1tenth_vehicle_annotated.pdf , page3 used on input line 60.
(pdftex.def)             Requested size: 358.29295pt x 180.68005pt.
<contents/chapt4/figs/f1tenth_vehicle_annotated.pdf, id=1197, page=4, 358.29295pt x 180.675pt>
File: contents/chapt4/figs/f1tenth_vehicle_annotated.pdf Graphic file (type pdf)
<use contents/chapt4/figs/f1tenth_vehicle_annotated.pdf, page 4>
Package pdftex.def Info: contents/chapt4/figs/f1tenth_vehicle_annotated.pdf , page4 used on input line 62.
(pdftex.def)             Requested size: 358.29295pt x 180.68005pt.
)
Overfull \hbox (72.24411pt too wide) has occurred while \output is active
[]
 []


Overfull \hbox (72.24411pt too wide) has occurred while \output is active
[]
 []

[24




] (./contents/chapt4/figs/state_space_variables.tex

Package array Warning: Column R is already defined on input line 1.


Package array Warning: Column L is already defined on input line 2.


Package array Warning: Column M is already defined on input line 3.


Underfull \hbox (badness 1442) in paragraph at lines 23--23
[]|\T1/cmr/m/n/10.95 Anti-clockwise, from ve-hi-cle head-ing to steer-ing
 []

) (./contents/chapt4/figs/single_track_model.pdf_tex
<contents/chapt4/figs/single_track_model.pdf, id=1211, page=1, 337.79501pt x 180.675pt>
File: contents/chapt4/figs/single_track_model.pdf Graphic file (type pdf)
<use contents/chapt4/figs/single_track_model.pdf, page 1>
Package pdftex.def Info: contents/chapt4/figs/single_track_model.pdf , page1 used on input line 56.
(pdftex.def)             Requested size: 337.79503pt x 180.68005pt.
)
Overfull \hbox (72.24411pt too wide) has occurred while \output is active
[]
 []


Overfull \hbox (72.24411pt too wide) has occurred while \output is active
[]
 []

[25 <./contents/chapt4/figs/f1tenth_vehicle_annotated.pdf> <./contents/chapt4/figs/f1tenth_vehicle_annotated.pdf

pdfTeX warning: pdflatex.exe (file ./contents/chapt4/figs/f1tenth_vehicle_annotated.pdf): PDF inclusion: multiple pdfs with page group included in a single page
> <./contents/chapt4/figs/f1tenth_vehicle_annotated.pdf

pdfTeX warning: pdflatex.exe (file ./contents/chapt4/figs/f1tenth_vehicle_annotated.pdf): PDF inclusion: multiple pdfs with page group included in a single page
> <./contents/chapt4/figs/f1tenth_vehicle_annotated.pdf

pdfTeX warning: pdflatex.exe (file ./contents/chapt4/figs/f1tenth_vehicle_annotated.pdf): PDF inclusion: multiple pdfs with page group included in a single page
>]
Overfull \hbox (72.24411pt too wide) has occurred while \output is active
[]
 []


Overfull \hbox (72.24411pt too wide) has occurred while \output is active
[]
 []

[26 <./contents/chapt4/figs/single_track_model.pdf>] (./contents/chapt4/figs/constraint_parameters.tex)
Overfull \hbox (72.24411pt too wide) has occurred while \output is active
[]
 []


Overfull \hbox (72.24411pt too wide) has occurred while \output is active
[]
 []

[27] (./contents/chapt4/figs/vehicle_parameters.tex)
Overfull \hbox (72.24411pt too wide) has occurred while \output is active
[]
 []


Overfull \hbox (72.24411pt too wide) has occurred while \output is active
[]
 []

[28] (./contents/chapt4/figs/simulator_start.tex)
Overfull \hbox (72.24411pt too wide) has occurred while \output is active
[]
 []


Overfull \hbox (72.24411pt too wide) has occurred while \output is active
[]
 []

[29] (./contents/chapt4/figs/sim_mdp.tex) (./contents/chapt4/figs/simulator_step.tex)
Overfull \hbox (72.24411pt too wide) has occurred while \output is active
[]
 []


Overfull \hbox (72.24411pt too wide) has occurred while \output is active
[]
 []

[30] (./contents/chapt4/figs/distance/distance_centerline.pdf_tex
<contents/chapt4/figs/distance/distance_centerline.pdf, id=1294, page=1, 272.08429pt x 122.74915pt>
File: contents/chapt4/figs/distance/distance_centerline.pdf Graphic file (type pdf)
<use contents/chapt4/figs/distance/distance_centerline.pdf, page 1>
Package pdftex.def Info: contents/chapt4/figs/distance/distance_centerline.pdf , page1 used on input line 56.
(pdftex.def)             Requested size: 272.08426pt x 122.7582pt.
)
Overfull \hbox (72.24411pt too wide) has occurred while \output is active
[]
 []


Overfull \hbox (72.24411pt too wide) has occurred while \output is active
[]
 []

[31 <./contents/chapt4/figs/distance/distance_centerline.pdf>])
Overfull \hbox (72.24411pt too wide) has occurred while \output is active
[]
 []


Overfull \hbox (72.24411pt too wide) has occurred while \output is active
[]
 []

[32]
\openout2 = `contents/chapt5/chapt5.aux'.

 (./contents/chapt5/chapt5.tex (./contents/chapt5/figs/architecture/end_to_end_architecture.tex)
Overfull \hbox (72.24411pt too wide) has occurred while \output is active
[]
 []


Overfull \hbox (72.24411pt too wide) has occurred while \output is active
[]
 []

[33




] (./contents/chapt5/figs/neural_network/actor.tex)
Overfull \hbox (72.24411pt too wide) has occurred while \output is active
[]
 []


Overfull \hbox (72.24411pt too wide) has occurred while \output is active
[]
 []

[34] (./contents/chapt5/figs/learning_method/td3_modified.tex)
Overfull \hbox (72.24411pt too wide) has occurred while \output is active
[]
 []


Overfull \hbox (72.24411pt too wide) has occurred while \output is active
[]
 []

[35] (./contents/chapt5/figs/neural_network/critic.tex)
Overfull \hbox (72.24411pt too wide) has occurred while \output is active
[]
 []


Overfull \hbox (72.24411pt too wide) has occurred while \output is active
[]
 []

[36] (./contents/chapt5/figs/test_procedure/test_procedure.tex)
Overfull \hbox (72.24411pt too wide) has occurred while \output is active
[]
 []


Overfull \hbox (72.24411pt too wide) has occurred while \output is active
[]
 []

[37] (./contents/chapt5/figs/test_procedure/initial_values.tex

Package array Warning: Column R is already defined on input line 1.


Package array Warning: Column L is already defined on input line 3.


Overfull \hbox (58.76358pt too wide) in alignment at lines 39--39
[][][] 
 []

)
Overfull \hbox (72.24411pt too wide) has occurred while \output is active
[]
 []


Overfull \hbox (72.24411pt too wide) has occurred while \output is active
[]
 []

[38] (./contents/chapt5/figs/algorithm/learning_curve_1.pgf) (./contents/chapt5/figs/algorithm/MDP_time_steps.pgf)
Overfull \hbox (72.24411pt too wide) has occurred while \output is active
[]
 []


Overfull \hbox (72.24411pt too wide) has occurred while \output is active
[]
 []

[39] (./contents/chapt5/figs/algorithm/f_agent.pgf) (./contents/chapt5/figs/algorithm/batch_size.pgf)
Overfull \hbox (72.24411pt too wide) has occurred while \output is active
[]
 []


Overfull \hbox (72.24411pt too wide) has occurred while \output is active
[]
 []

[40] (./contents/chapt5/figs/learning_method/gamma.pgf) (./contents/chapt5/figs/learning_method/gamma_table.tex

Package array Warning: Column R is already defined on input line 1.


Package array Warning: Column L is already defined on input line 2.


Underfull \hbox (badness 10000) in alignment at lines 16--16
[][][][] 
 []

)
Overfull \hbox (72.24411pt too wide) has occurred while \output is active
[]
 []


Overfull \hbox (72.24411pt too wide) has occurred while \output is active
[]
 []

[41] (./contents/chapt5/figs/learning_method/rl_method.pgf)
Overfull \hbox (72.24411pt too wide) has occurred while \output is active
[]
 []


Overfull \hbox (72.24411pt too wide) has occurred while \output is active
[]
 []

[42]
Overfull \hbox (72.24411pt too wide) has occurred while \output is active
[]
 []


Overfull \hbox (72.24411pt too wide) has occurred while \output is active
[]
 []

[43] (./contents/chapt5/figs/reward/distance_reward.pgf)
Overfull \hbox (72.24411pt too wide) has occurred while \output is active
[]
 []


Overfull \hbox (72.24411pt too wide) has occurred while \output is active
[]
 []

[44] (./contents/chapt5/figs/reward/reward_collision_table.tex

Package array Warning: Column R is already defined on input line 1.


Package array Warning: Column L is already defined on input line 2.


Underfull \hbox (badness 10000) in alignment at lines 17--17
[][][][] 
 []

) (./contents/chapt5/figs/reward/path_collision_penalty.pgf
<contents/chapt5/figs/reward/path_collision_penalty-img0.png, id=1509, interpolate=true, 283.0575pt x 105.39375pt>
File: contents/chapt5/figs/reward/path_collision_penalty-img0.png Graphic file (type png)
<use contents/chapt5/figs/reward/path_collision_penalty-img0.png>
Package pdftex.def Info: contents/chapt5/figs/reward/path_collision_penalty-img0.png  used on input line 50.
(pdftex.def)             Requested size: 203.80554pt x 75.88504pt.
) (./contents/chapt5/figs/observation/observation.pgf)
Overfull \hbox (72.24411pt too wide) has occurred while \output is active
[]
 []


Overfull \hbox (72.24411pt too wide) has occurred while \output is active
[]
 []

[45]
<contents/chapt5/figs/observation/collision_distributions/crash_location_pose.png, id=1518, 289.08pt x 144.54pt>
File: contents/chapt5/figs/observation/collision_distributions/crash_location_pose.png Graphic file (type png)
<use contents/chapt5/figs/observation/collision_distributions/crash_location_pose.png>
Package pdftex.def Info: contents/chapt5/figs/observation/collision_distributions/crash_location_pose.png  used on input line 469.
(pdftex.def)             Requested size: 229.43814pt x 114.72023pt.

Overfull \hbox (24.57968pt too wide) in paragraph at lines 469--470
 [][] 
 []

<contents/chapt5/figs/observation/collision_distributions/crash_location_both.png, id=1519, 289.08pt x 144.54pt>
File: contents/chapt5/figs/observation/collision_distributions/crash_location_both.png Graphic file (type png)
<use contents/chapt5/figs/observation/collision_distributions/crash_location_both.png>
Package pdftex.def Info: contents/chapt5/figs/observation/collision_distributions/crash_location_both.png  used on input line 475.
(pdftex.def)             Requested size: 229.43814pt x 114.72023pt.

Overfull \hbox (24.57968pt too wide) in paragraph at lines 475--476
 [][] 
 []


Overfull \hbox (72.24411pt too wide) has occurred while \output is active
[]
 []


Overfull \hbox (72.24411pt too wide) has occurred while \output is active
[]
 []

[46 <./contents/chapt5/figs/reward/path_collision_penalty-img0.png>] (./contents/chapt5/figs/observation/observation_n_beams_1.pgf)
Overfull \hbox (72.24411pt too wide) has occurred while \output is active
[]
 []


Overfull \hbox (72.24411pt too wide) has occurred while \output is active
[]
 []

[47 <./contents/chapt5/figs/observation/collision_distributions/crash_location_pose.png> <./contents/chapt5/figs/observation/collision_distributions/crash_location_both.png>] (./contents/chapt5/figs/observation/noise_lap_2.pgf
<contents/chapt5/figs/observation/noise_lap_2-img0.png, id=1535, interpolate=true, 304.13625pt x 112.42pt>
File: contents/chapt5/figs/observation/noise_lap_2-img0.png Graphic file (type png)
<use contents/chapt5/figs/observation/noise_lap_2-img0.png>
Package pdftex.def Info: contents/chapt5/figs/observation/noise_lap_2-img0.png  used on input line 53.
(pdftex.def)             Requested size: 218.98256pt x 80.94576pt.
) (./contents/chapt5/figs/neural_network/layer_sizes.pgf)
Overfull \hbox (72.24411pt too wide) has occurred while \output is active
[]
 []


Overfull \hbox (72.24411pt too wide) has occurred while \output is active
[]
 []

[48 <./contents/chapt5/figs/observation/noise_lap_2-img0.png>]
Underfull \hbox (badness 10000) in alignment at lines 567--567
[][][][] 
 []

(./contents/chapt5/figs/control/velocity_slip_profile.pgf)
Overfull \hbox (72.24411pt too wide) has occurred while \output is active
[]
 []


Overfull \hbox (72.24411pt too wide) has occurred while \output is active
[]
 []

[49] (./contents/chapt5/figs/racing/porto.pgf
<contents/chapt5/figs/racing/porto-img0.png, id=1558, interpolate=true, 375.4025pt x 139.52126pt>
File: contents/chapt5/figs/racing/porto-img0.png Graphic file (type png)
<use contents/chapt5/figs/racing/porto-img0.png>
Package pdftex.def Info: contents/chapt5/figs/racing/porto-img0.png  used on input line 53.
(pdftex.def)             Requested size: 270.30678pt x 100.45734pt.
<contents/chapt5/figs/racing/porto-img1.png, id=1559, interpolate=true, 10.0375pt x 206.7725pt>
File: contents/chapt5/figs/racing/porto-img1.png Graphic file (type png)
<use contents/chapt5/figs/racing/porto-img1.png>
Package pdftex.def Info: contents/chapt5/figs/racing/porto-img1.png  used on input line 8249.
(pdftex.def)             Requested size: 7.22758pt x 148.87923pt.
)
Overfull \hbox (72.24411pt too wide) has occurred while \output is active
[]
 []


Overfull \hbox (72.24411pt too wide) has occurred while \output is active
[]
 []

[50] (./contents/chapt5/figs/racing/reward.pgf)
Overfull \hbox (72.24411pt too wide) has occurred while \output is active
[]
 []


Overfull \hbox (72.24411pt too wide) has occurred while \output is active
[]
 []

[51 <./contents/chapt5/figs/racing/porto-img0.png> <./contents/chapt5/figs/racing/porto-img1.png>] (./contents/chapt5/figs/racing/esp.pgf
<contents/chapt5/figs/racing/esp-img0.png, id=1574, interpolate=true, 417.56pt x 157.58875pt>
File: contents/chapt5/figs/racing/esp-img0.png Graphic file (type png)
<use contents/chapt5/figs/racing/esp-img0.png>
Package pdftex.def Info: contents/chapt5/figs/racing/esp-img0.png  used on input line 53.
(pdftex.def)             Requested size: 300.66206pt x 113.46379pt.
<contents/chapt5/figs/racing/esp-img1.png, id=1575, interpolate=true, 10.0375pt x 206.7725pt>
File: contents/chapt5/figs/racing/esp-img1.png Graphic file (type png)
<use contents/chapt5/figs/racing/esp-img1.png>
Package pdftex.def Info: contents/chapt5/figs/racing/esp-img1.png  used on input line 67161.
(pdftex.def)             Requested size: 7.22758pt x 148.87923pt.
) (./contents/chapt5/figs/racing/mco.pgf
<contents/chapt5/figs/racing/mco-img0.png, id=1577, interpolate=true, 327.2225pt x 307.1475pt>
File: contents/chapt5/figs/racing/mco-img0.png Graphic file (type png)
<use contents/chapt5/figs/racing/mco-img0.png>
Package pdftex.def Info: contents/chapt5/figs/racing/mco-img0.png  used on input line 53.
(pdftex.def)             Requested size: 235.6pt x 221.14603pt.
<contents/chapt5/figs/racing/mco-img1.png, id=1578, interpolate=true, 16.06pt x 307.1475pt>
File: contents/chapt5/figs/racing/mco-img1.png Graphic file (type png)
<use contents/chapt5/figs/racing/mco-img1.png>
Package pdftex.def Info: contents/chapt5/figs/racing/mco-img1.png  used on input line 49521.
(pdftex.def)             Requested size: 11.56367pt x 221.14603pt.
) (./contents/chapt5/figs/uncertainty/mco_lap_1.pgf
<contents/chapt5/figs/uncertainty/mco_lap_1-img0.png, id=1580, interpolate=true, 134.5025pt x 206.7725pt>
File: contents/chapt5/figs/uncertainty/mco_lap_1-img0.png Graphic file (type png)
<use contents/chapt5/figs/uncertainty/mco_lap_1-img0.png>
Package pdftex.def Info: contents/chapt5/figs/uncertainty/mco_lap_1-img0.png  used on input line 53.
(pdftex.def)             Requested size: 96.8417pt x 148.87923pt.
<contents/chapt5/figs/uncertainty/mco_lap_1-img1.png, id=1581, interpolate=true, 10.0375pt x 206.7725pt>
File: contents/chapt5/figs/uncertainty/mco_lap_1-img1.png Graphic file (type png)
<use contents/chapt5/figs/uncertainty/mco_lap_1-img1.png>
Package pdftex.def Info: contents/chapt5/figs/uncertainty/mco_lap_1-img1.png  used on input line 21823.
(pdftex.def)             Requested size: 7.22758pt x 148.87923pt.
) (./contents/chapt5/figs/uncertainty/mco_lap_erro_1.pgf
<contents/chapt5/figs/uncertainty/mco_lap_erro_1-img0.png, id=1582, interpolate=true, 134.5025pt x 206.7725pt>
File: contents/chapt5/figs/uncertainty/mco_lap_erro_1-img0.png Graphic file (type png)
<use contents/chapt5/figs/uncertainty/mco_lap_erro_1-img0.png>
Package pdftex.def Info: contents/chapt5/figs/uncertainty/mco_lap_erro_1-img0.png  used on input line 53.
(pdftex.def)             Requested size: 96.8417pt x 148.87923pt.
<contents/chapt5/figs/uncertainty/mco_lap_erro_1-img1.png, id=1583, interpolate=true, 10.0375pt x 206.7725pt>
File: contents/chapt5/figs/uncertainty/mco_lap_erro_1-img1.png Graphic file (type png)
<use contents/chapt5/figs/uncertainty/mco_lap_erro_1-img1.png>
Package pdftex.def Info: contents/chapt5/figs/uncertainty/mco_lap_erro_1-img1.png  used on input line 43081.
(pdftex.def)             Requested size: 7.22758pt x 148.87923pt.
)
Overfull \hbox (72.24411pt too wide) has occurred while \output is active
[]
 []


Overfull \hbox (72.24411pt too wide) has occurred while \output is active
[]
 []

[52 <./contents/chapt5/figs/racing/esp-img0.png> <./contents/chapt5/figs/racing/esp-img1.png>]
Overfull \hbox (72.24411pt too wide) has occurred while \output is active
[]
 []


Overfull \hbox (72.24411pt too wide) has occurred while \output is active
[]
 []

[53 <./contents/chapt5/figs/racing/mco-img0.png> <./contents/chapt5/figs/racing/mco-img1.png> <./contents/chapt5/figs/uncertainty/mco_lap_1-img0.png> <./contents/chapt5/figs/uncertainty/mco_lap_1-img1.png> <./contents/chapt5/figs/uncertainty/mco_lap_erro_1-img0.png> <./contents/chapt5/figs/uncertainty/mco_lap_erro_1-img1.png>] (./contents/chapt5/figs/domain_random/porto_domain_random_2.pgf
<contents/chapt5/figs/domain_random/porto_domain_random_2-img0.png, id=1607, interpolate=true, 247.92625pt x 92.345pt>
File: contents/chapt5/figs/domain_random/porto_domain_random_2-img0.png Graphic file (type png)
<use contents/chapt5/figs/domain_random/porto_domain_random_2-img0.png>
Package pdftex.def Info: contents/chapt5/figs/domain_random/porto_domain_random_2-img0.png  used on input line 53.
(pdftex.def)             Requested size: 178.50676pt x 66.48833pt.
)
Overfull \hbox (72.24411pt too wide) has occurred while \output is active
[]
 []


Overfull \hbox (72.24411pt too wide) has occurred while \output is active
[]
 []

[54 <./contents/chapt5/figs/domain_random/porto_domain_random_2-img0.png>])
Overfull \hbox (72.24411pt too wide) has occurred while \output is active
[]
 []


Overfull \hbox (72.24411pt too wide) has occurred while \output is active
[]
 []

[55]
\openout2 = `contents/chapt6/chapt6.aux'.

 (./contents/chapt6/chapt6.tex (./contents/chapt6/figs/both/steer_vel_architecture.tex)
Overfull \hbox (72.24411pt too wide) has occurred while \output is active
[]
 []


Overfull \hbox (72.24411pt too wide) has occurred while \output is active
[]
 []

[56




] (./contents/chapt6/figs/both/agent.tex)
Overfull \hbox (72.24411pt too wide) has occurred while \output is active
[]
 []


Overfull \hbox (72.24411pt too wide) has occurred while \output is active
[]
 []

[57] (./contents/chapt6/figs/both/frenet_frame.pgf
<contents/chapt6/figs/both/frenet_frame-img0.png, id=1641, interpolate=true, 215.80624pt x 80.3pt>
File: contents/chapt6/figs/both/frenet_frame-img0.png Graphic file (type png)
<use contents/chapt6/figs/both/frenet_frame-img0.png>
Package pdftex.def Info: contents/chapt6/figs/both/frenet_frame-img0.png  used on input line 53.
(pdftex.def)             Requested size: 155.38367pt x 57.81717pt.
)
Overfull \hbox (72.24411pt too wide) has occurred while \output is active
[]
 []


Overfull \hbox (72.24411pt too wide) has occurred while \output is active
[]
 []

[58 <./contents/chapt6/figs/both/frenet_frame-img0.png>] (./contents/chapt6/figs/steer/polynomial_path_tex.pdf_tex
<contents/chapt6/figs/steer/polynomial_path_tex.pdf, id=1650, page=1, 361.35pt x 210.7875pt>
File: contents/chapt6/figs/steer/polynomial_path_tex.pdf Graphic file (type pdf)
<use contents/chapt6/figs/steer/polynomial_path_tex.pdf, page 1>
Package pdftex.def Info: contents/chapt6/figs/steer/polynomial_path_tex.pdf , page1 used on input line 56.
(pdftex.def)             Requested size: 361.34999pt x 210.79019pt.
<contents/chapt6/figs/steer/polynomial_path_tex.pdf, id=1651, page=2, 361.35pt x 210.7875pt>
File: contents/chapt6/figs/steer/polynomial_path_tex.pdf Graphic file (type pdf)
<use contents/chapt6/figs/steer/polynomial_path_tex.pdf, page 2>
Package pdftex.def Info: contents/chapt6/figs/steer/polynomial_path_tex.pdf , page2 used on input line 58.
(pdftex.def)             Requested size: 361.34999pt x 210.79019pt.
<contents/chapt6/figs/steer/polynomial_path_tex.pdf, id=1652, page=3, 361.35pt x 210.7875pt>
File: contents/chapt6/figs/steer/polynomial_path_tex.pdf Graphic file (type pdf)
<use contents/chapt6/figs/steer/polynomial_path_tex.pdf, page 3>
Package pdftex.def Info: contents/chapt6/figs/steer/polynomial_path_tex.pdf , page3 used on input line 60.
(pdftex.def)             Requested size: 361.34999pt x 210.79019pt.
<contents/chapt6/figs/steer/polynomial_path_tex.pdf, id=1653, page=4, 361.35pt x 210.7875pt>
File: contents/chapt6/figs/steer/polynomial_path_tex.pdf Graphic file (type pdf)
<use contents/chapt6/figs/steer/polynomial_path_tex.pdf, page 4>
Package pdftex.def Info: contents/chapt6/figs/steer/polynomial_path_tex.pdf , page4 used on input line 63.
(pdftex.def)             Requested size: 361.34999pt x 210.79019pt.
<contents/chapt6/figs/steer/polynomial_path_tex.pdf, id=1654, page=5, 361.35pt x 210.7875pt>
File: contents/chapt6/figs/steer/polynomial_path_tex.pdf Graphic file (type pdf)
<use contents/chapt6/figs/steer/polynomial_path_tex.pdf, page 5>
Package pdftex.def Info: contents/chapt6/figs/steer/polynomial_path_tex.pdf , page5 used on input line 65.
(pdftex.def)             Requested size: 361.34999pt x 210.79019pt.
<contents/chapt6/figs/steer/polynomial_path_tex.pdf, id=1655, page=6, 361.35pt x 210.7875pt>
File: contents/chapt6/figs/steer/polynomial_path_tex.pdf Graphic file (type pdf)
<use contents/chapt6/figs/steer/polynomial_path_tex.pdf, page 6>
Package pdftex.def Info: contents/chapt6/figs/steer/polynomial_path_tex.pdf , page6 used on input line 84.
(pdftex.def)             Requested size: 361.34999pt x 210.79019pt.
)
Overfull \hbox (72.24411pt too wide) has occurred while \output is active
[]
 []


Overfull \hbox (72.24411pt too wide) has occurred while \output is active
[]
 []

[59 <./contents/chapt6/figs/steer/polynomial_path_tex.pdf> <./contents/chapt6/figs/steer/polynomial_path_tex.pdf

pdfTeX warning: pdflatex.exe (file ./contents/chapt6/figs/steer/polynomial_path_tex.pdf): PDF inclusion: multiple pdfs with page group included in a single page
> <./contents/chapt6/figs/steer/polynomial_path_tex.pdf

pdfTeX warning: pdflatex.exe (file ./contents/chapt6/figs/steer/polynomial_path_tex.pdf): PDF inclusion: multiple pdfs with page group included in a single page
> <./contents/chapt6/figs/steer/polynomial_path_tex.pdf

pdfTeX warning: pdflatex.exe (file ./contents/chapt6/figs/steer/polynomial_path_tex.pdf): PDF inclusion: multiple pdfs with page group included in a single page
> <./contents/chapt6/figs/steer/polynomial_path_tex.pdf

pdfTeX warning: pdflatex.exe (file ./contents/chapt6/figs/steer/polynomial_path_tex.pdf): PDF inclusion: multiple pdfs with page group included in a single page
> <./contents/chapt6/figs/steer/polynomial_path_tex.pdf

pdfTeX warning: pdflatex.exe (file ./contents/chapt6/figs/steer/polynomial_path_tex.pdf): PDF inclusion: multiple pdfs with page group included in a single page
>] (./contents/chapt6/figs/steer/pure_pursuit.pdf_tex
<contents/chapt6/figs/steer/pure_pursuit.pdf, id=1722, page=1, 289.99352pt x 192.14134pt>
File: contents/chapt6/figs/steer/pure_pursuit.pdf Graphic file (type pdf)
<use contents/chapt6/figs/steer/pure_pursuit.pdf, page 1>
Package pdftex.def Info: contents/chapt6/figs/steer/pure_pursuit.pdf , page1 used on input line 56.
(pdftex.def)             Requested size: 289.99348pt x 192.15552pt.
<contents/chapt6/figs/steer/pure_pursuit.pdf, id=1723, page=2, 289.99352pt x 192.14134pt>
File: contents/chapt6/figs/steer/pure_pursuit.pdf Graphic file (type pdf)
<use contents/chapt6/figs/steer/pure_pursuit.pdf, page 2>
Package pdftex.def Info: contents/chapt6/figs/steer/pure_pursuit.pdf , page2 used on input line 61.
(pdftex.def)             Requested size: 289.99348pt x 192.15552pt.
)
Overfull \hbox (72.24411pt too wide) has occurred while \output is active
[]
 []


Overfull \hbox (72.24411pt too wide) has occurred while \output is active
[]
 []

[60]
Overfull \hbox (72.24411pt too wide) has occurred while \output is active
[]
 []


Overfull \hbox (72.24411pt too wide) has occurred while \output is active
[]
 []

[61 <./contents/chapt6/figs/steer/pure_pursuit.pdf> <./contents/chapt6/figs/steer/pure_pursuit.pdf

pdfTeX warning: pdflatex.exe (file ./contents/chapt6/figs/steer/pure_pursuit.pdf): PDF inclusion: multiple pdfs with page group included in a single page
>] (./contents/chapt6/figs/empirical_design/empirical_design.tex

Package array Warning: Column R is already defined on input line 1.


Package array Warning: Column C is already defined on input line 2.


Package array Warning: Column L is already defined on input line 3.


Package array Warning: Column N is already defined on input line 4.


Overfull \hbox (13.85805pt too wide) in alignment at lines 45--45
[][][][] 
 []

) (./contents/chapt6/figs/algorithm/f_agent_curves.pgf)
Overfull \hbox (72.24411pt too wide) has occurred while \output is active
[]
 []


Overfull \hbox (72.24411pt too wide) has occurred while \output is active
[]
 []

[62]
Overfull \hbox (72.24411pt too wide) has occurred while \output is active
[]
 []


Overfull \hbox (72.24411pt too wide) has occurred while \output is active
[]
 []

[63] (./contents/chapt6/figs/steer/pure_pursuit_lfc_1.pgf)
Overfull \hbox (72.24411pt too wide) has occurred while \output is active
[]
 []


Overfull \hbox (72.24411pt too wide) has occurred while \output is active
[]
 []

[64] (./contents/chapt6/figs/steer_control/lc_train.pgf) (./contents/chapt6/figs/steer_control/planned_paths.pgf
<contents/chapt6/figs/steer_control/planned_paths-img0.png, id=1791, interpolate=true, 258.9675pt x 174.6525pt>
File: contents/chapt6/figs/steer_control/planned_paths-img0.png Graphic file (type png)
<use contents/chapt6/figs/steer_control/planned_paths-img0.png>
Package pdftex.def Info: contents/chapt6/figs/steer_control/planned_paths-img0.png  used on input line 53.
(pdftex.def)             Requested size: 186.46434pt x 125.75237pt.
)
Overfull \hbox (72.24411pt too wide) has occurred while \output is active
[]
 []


Overfull \hbox (72.24411pt too wide) has occurred while \output is active
[]
 []

[65 <./contents/chapt6/figs/steer_control/planned_paths-img0.png>] (./contents/chapt6/figs/velocity_control/velocity_gain_table.tex

Package array Warning: Column L is already defined on input line 1.


Package array Warning: Column M is already defined on input line 2.


Package array Warning: Column R is already defined on input line 3.


Underfull \hbox (badness 10000) in alignment at lines 17--17
[][][] 
 []

) (./contents/chapt6/figs/velocity_control/kv_paths.pgf
<contents/chapt6/figs/velocity_control/kv_paths-img0.png, id=1801, interpolate=true, 142.5325pt x 201.75375pt>
File: contents/chapt6/figs/velocity_control/kv_paths-img0.png Graphic file (type png)
<use contents/chapt6/figs/velocity_control/kv_paths-img0.png>
Package pdftex.def Info: contents/chapt6/figs/velocity_control/kv_paths-img0.png  used on input line 53.
(pdftex.def)             Requested size: 102.6233pt x 145.26257pt.
)
Overfull \hbox (72.24411pt too wide) has occurred while \output is active
[]
 []


Overfull \hbox (72.24411pt too wide) has occurred while \output is active
[]
 []

[66] (./contents/chapt6/figs/racing/all_tracks_train_1.pgf) (./contents/chapt6/figs/racing/crashes.pgf
<contents/chapt6/figs/racing/crashes-img0.png, id=1809, interpolate=true, 311.1625pt x 117.43875pt>
File: contents/chapt6/figs/racing/crashes-img0.png Graphic file (type png)
<use contents/chapt6/figs/racing/crashes-img0.png>
Package pdftex.def Info: contents/chapt6/figs/racing/crashes-img0.png  used on input line 53.
(pdftex.def)             Requested size: 224.03683pt x 84.55582pt.
)
Overfull \hbox (72.24411pt too wide) has occurred while \output is active
[]
 []


Overfull \hbox (72.24411pt too wide) has occurred while \output is active
[]
 []

[67 <./contents/chapt6/figs/velocity_control/kv_paths-img0.png
!pdfTeX error: pdflatex.exe (file ./contents/chapt6/figs/velocity_control/kv_paths-img0.png): fflush() failed (Invalid argument)
 ==> Fatal error occurred, no output PDF file produced!
